This is pdfTeX, Version 3.14159265-2.6-1.40.16 (TeX Live 2015) (preloaded format=pdflatex 2015.9.30)  22 MAY 2018 08:35
entering extended mode
 restricted \write18 enabled.
 %&-line parsing enabled.
**dissertation.tex
(./dissertation.tex
LaTeX2e <2015/01/01> patch level 2
Babel <3.9m> and hyphenation patterns for 79 languages loaded.
(/Users/timothyb0912/Library/texmf/tex/latex/ucbthesis/ucbthesis.cls
Document Class: ucbthesis 2015/06/01 v3.5 University of California, Berkeley Th
esis Class
(/usr/local/texlive/2015/texmf-dist/tex/latex/memoir/memoir.cls
Document Class: memoir 2015/07/08 v3.7e configurable book, report, article docu
ment class
\onelineskip=\skip41
\lxvchars=\skip42
\xlvchars=\skip43
\@memcnta=\count79
\c@@memmarkcntra=\count80
(/usr/local/texlive/2015/texmf-dist/tex/generic/oberdiek/ifpdf.sty
Package: ifpdf 2011/01/30 v2.3 Provides the ifpdf switch (HO)
Package ifpdf Info: pdfTeX in PDF mode is detected.
)
(/usr/local/texlive/2015/texmf-dist/tex/latex/ifetex/ifetex.sty
Package: ifetex 2011/12/15 v1.2 ifetex

(/usr/local/texlive/2015/texmf-dist/tex/plain/ifetex/ifetex.tex))
(/usr/local/texlive/2015/texmf-dist/tex/generic/ifxetex/ifxetex.sty
Package: ifxetex 2010/09/12 v0.6 Provides ifxetex conditional
)
(/usr/local/texlive/2015/texmf-dist/tex/generic/oberdiek/ifluatex.sty
Package: ifluatex 2010/03/01 v1.3 Provides the ifluatex switch (HO)
Package ifluatex Info: LuaTeX not detected.
)
\stockheight=\skip44
\stockwidth=\skip45
\trimtop=\skip46
\trimedge=\skip47

(/usr/local/texlive/2015/texmf-dist/tex/latex/memoir/mem12.clo
File: mem12.clo 2010/10/19 v0.4b memoir class 12pt size option
)
\binding=\skip48
\spinemargin=\skip49
\foremargin=\skip50
\uppermargin=\skip51
\lowermargin=\skip52
\headdrop=\skip53
\normalrulethickness=\skip54
\mem@maxheadheight=\skip55
\mem@maxfootheight=\skip56
\headwidth=\skip57
\c@storedpagenumber=\count81
\memPD=\dimen102
\m@mabparskip=\skip58
\thanksmarkwidth=\skip59
\thanksmarksep=\skip60
\droptitle=\skip61
\c@book=\count82
\c@part=\count83
\c@chapter=\count84
\c@section=\count85
\c@subsection=\count86
\c@subsubsection=\count87
\c@paragraph=\count88
\c@subparagraph=\count89
\beforechapskip=\skip62
\midchapskip=\skip63
\afterchapskip=\skip64
\chapindent=\skip65
\bottomsectionskip=\skip66
\secindent=\skip67
\beforesecskip=\skip68
\aftersecskip=\skip69
\subsecindent=\skip70
\beforesubsecskip=\skip71
\aftersubsecskip=\skip72
\subsubsecindent=\skip73
\beforesubsubsecskip=\skip74
\aftersubsubsecskip=\skip75
\paraindent=\skip76
\beforeparaskip=\skip77
\afterparaskip=\skip78
\subparaindent=\skip79
\beforesubparaskip=\skip80
\aftersubparaskip=\skip81
\pfbreakskip=\skip82
\c@@ppsavesec=\count90
\c@@ppsaveapp=\count91
\ragrparindent=\dimen103
\everylistparindent=\dimen104
\parsepi=\skip83
\topsepi=\skip84
\itemsepi=\skip85
\parsepii=\skip86
\topsepii=\skip87
\topsepiii=\skip88
\itemsepii=\skip89
\itemsepiii=\skip90
\partopsepii=\skip91
\partopsepiii=\skip92
\m@msavetopsep=\skip93
\m@msavepartopsep=\skip94
\@enLab=\toks14
\abstitleskip=\skip95
\absleftindent=\skip96
\abs@leftindent=\dimen105
\absrightindent=\skip97
\absparindent=\skip98
\absparsep=\skip99
\c@vslineno=\count92
\c@poemline=\count93
\c@modulo@vs=\count94
\c@memfvsline=\count95
\vleftskip=\skip100
\vrightskip=\skip101
\stanzaskip=\skip102
\versewidth=\skip103
\vgap=\skip104
\vindent=\skip105
\vleftmargin=\dimen106
\c@verse=\count96
\c@chrsinstr=\count97
\beforepoemtitleskip=\skip106
\afterpoemtitleskip=\skip107
\c@poem=\count98
\beforePoemTitleskip=\skip108
\midPoemTitleskip=\skip109
\afterPoemTitleskip=\skip110
\col@sep=\dimen107
\extrarowheight=\dimen108
\NC@list=\toks15
\extratabsurround=\skip111
\backup@length=\skip112
\TX@col@width=\dimen109
\TX@old@table=\dimen110
\TX@old@col=\dimen111
\TX@target=\dimen112
\TX@delta=\dimen113
\TX@cols=\count99
\TX@ftn=\toks16
\heavyrulewidth=\dimen114
\lightrulewidth=\dimen115
\cmidrulewidth=\dimen116
\belowrulesep=\dimen117
\belowbottomsep=\dimen118
\aboverulesep=\dimen119
\abovetopsep=\dimen120
\cmidrulesep=\dimen121
\cmidrulekern=\dimen122
\defaultaddspace=\dimen123
\@cmidla=\count100
\@cmidlb=\count101
\@aboverulesep=\dimen124
\@belowrulesep=\dimen125
\@thisruleclass=\count102
\@lastruleclass=\count103
\@thisrulewidth=\dimen126
\ctableftskip=\skip113
\ctabrightskip=\skip114
\abovecolumnspenalty=\count104
\@linestogo=\count105
\@cellstogo=\count106
\@cellsincolumn=\count107
\crtok=\toks17
\@mincolumnwidth=\dimen127
\c@newflo@tctr=\count108
\mem@margin@floatbox=\box26
\@contcwidth=\skip115
\@contindw=\skip116
\abovecaptionskip=\skip117
\belowcaptionskip=\skip118
\subfloattopskip=\skip119
\subfloatcapskip=\skip120
\subfloatcaptopadj=\skip121
\subfloatbottomskip=\skip122
\subfloatlabelskip=\skip123
\subfloatcapmargin=\dimen128
\c@@contsubnum=\count109
\m@mscap@capbox=\box27
\m@mscap@fbox=\box28
\sidecapsep=\dimen129
\sidecapwidth=\dimen130
\m@m@tempdima=\dimen131
\m@mscapraise=\dimen132
\sidecapraise=\dimen133
\m@mscapmainwidth=\dimen134
\m@mscaplkern=\dimen135
\beforeepigraphskip=\skip124
\afterepigraphskip=\skip125
\epigraphwidth=\skip126
\epigraphrule=\skip127
LaTeX Info: Redefining \em on input line 7535.
LaTeX Info: Redefining \emph on input line 7543.
\tocentryskip=\skip128
\tocbaseline=\skip129
\cftparskip=\skip130
\cftbeforebookskip=\skip131
\cftbookindent=\dimen136
\cftbooknumwidth=\dimen137
\cftbeforepartskip=\skip132
\cftpartindent=\skip133
\cftpartnumwidth=\skip134
\cftbeforechapterskip=\skip135
\cftchapterindent=\skip136
\cftchapternumwidth=\skip137
\cftbeforesectionskip=\skip138
\cftsectionindent=\skip139
\cftsectionnumwidth=\skip140
\cftbeforesubsectionskip=\skip141
\cftsubsectionindent=\skip142
\cftsubsectionnumwidth=\skip143
\cftbeforesubsubsectionskip=\skip144
\cftsubsubsectionindent=\skip145
\cftsubsubsectionnumwidth=\skip146
\cftbeforeparagraphskip=\skip147
\cftparagraphindent=\skip148
\cftparagraphnumwidth=\skip149
\cftbeforesubparagraphskip=\skip150
\cftsubparagraphindent=\skip151
\cftsubparagraphnumwidth=\skip152
\prechapterprecisshift=\dimen138
\c@maxsecnumdepth=\count110
\bibindent=\dimen139
\bibitemsep=\skip153
\indexcolsep=\skip154
\indexrule=\skip155
\indexmarkstyle=\toks18
\@indexbox=\insert233
\glossarycolsep=\dimen140
\glossaryrule=\dimen141
\sideparvshift=\skip156
\sideins=\insert232
\sidebartopsep=\skip157
\sidebarhsep=\skip158
\sidebarvsep=\skip159
\sidebarwidth=\skip160
\footmarkwidth=\skip161
\footmarksep=\skip162
\footparindent=\skip163
\footinsdim=\skip164
\footinsv@r=\insert231
\@mpfootinsv@r=\insert230
\m@m@k=\count111
\m@m@h=\dimen142
\m@mipn@skip=\skip165
\sidefootins=\insert229
\sidefootadjust=\skip166
\sidefootheight=\skip167
\sidefoothsep=\skip168
\sidefootvsep=\skip169
\sidefootwidth=\skip170
\m@mdownsf=\skip171
\c@sidefootnote=\count112
\sidefootmarkwidth=\skip172
\sidefootmarksep=\skip173
\sidefootparindent=\skip174
\c@pagenote=\count113
\c@pagenoteshadow=\count114
\mem@pn@lastkern=\skip175
\every@verbatim=\toks19
\afterevery@verbatim=\toks20
\verbatim@line=\toks21
\tab@position=\count115
\verbatim@in@stream=\read1
\verbatimindent=\skip176
\verbatim@out=\write3
\bvboxsep=\skip177
\c@memfbvline=\count116
\c@bvlinectr=\count117
\bvnumlength=\skip178
\fb@frw=\dimen143
\fb@frh=\dimen144
\FrameRule=\dimen145
\FrameSep=\dimen146
\c@cp@cntr=\count118
LaTeX Info: Redefining \: on input line 12052.
LaTeX Info: Redefining \! on input line 12054.
\c@ism@mctr=\count119
\c@xsm@mctr=\count120
\c@csm@mctr=\count121
\c@ksm@mctr=\count122
\c@xksm@mctr=\count123
\c@cksm@mctr=\count124
\c@msm@mctr=\count125
\c@xmsm@mctr=\count126
\c@cmsm@mctr=\count127
\c@bsm@mctr=\count128
\c@workm@mctr=\count129
\c@sheetsequence=\count130
\c@lastsheet=\count131
\c@lastpage=\count132
\c@figure=\count133
\c@lofdepth=\count134
\cftbeforefigureskip=\skip179
\cftfigureindent=\skip180
\cftfigurenumwidth=\skip181
\c@table=\count135
\c@lotdepth=\count136
\cftbeforetableskip=\skip182
\cfttableindent=\skip183
\cfttablenumwidth=\skip184
Package abstract [2008/07/23] emulated by memoir.
Package appendix [2008/07/23] emulated by memoir.
Package array [2008/09/09] emulated by memoir.
Package booktabs [2008/07/23] emulated by memoir.
Package ccaption [2008/07/23] emulated by memoir.
Package changepage [2008/07/23] emulated by memoir.
Package chngcntr [2008/07/23] emulated by memoir.
Package chngpage [2008/07/23] emulated by memoir.
Package crop emulated by memoir.
Package dcolumn [2008/07/23] emulated by memoir.
Package delarray [2008/07/23] emulated by memoir.
Package enumerate [2008/07/23] emulated by memoir.
Package epigraph [2008/07/23] emulated by memoir.
Package ifmtarg [2008/07/23] emulated by memoir.
Package index [2008/07/23] emulated by memoir.
Package makeidx [2008/07/23] emulated by memoir.
Package moreverb [2008/07/23] emulated by memoir.
Package mparhack [2008/07/23] emulated by memoir.
Package needspace [2008/07/23] emulated by memoir.
Package newfile [2008/07/23] emulated by memoir.
Package nextpage [2008/07/23] emulated by memoir.
Package pagenote [2008/07/23] emulated by memoir.
Package parskip [2008/07/23] emulated by memoir.
Package patchcmd [2008/07/23] emulated by memoir.
Package setspace [2008/07/23] emulated by memoir.
Package shortvrb [2008/07/23] emulated by memoir.
Package showidx [2008/07/23] emulated by memoir.
Package tabularx [2008/07/23] emulated by memoir.
Package titleref [2008/07/23] emulated by memoir.
Package titling [2008/07/23] emulated by memoir.
Package tocbibind [2008/07/23] emulated by memoir.
Package tocloft [2008/07/23] emulated by memoir.
Package tocvsec2 [2008/07/23] emulated by memoir.
Package verbatim [2008/07/23] emulated by memoir.
Package verse [2008/07/23] emulated by memoir.

(/usr/local/texlive/2015/texmf-dist/tex/latex/memoir/mempatch.sty
Package: mempatch 2009/07/24 v6.0f Patches for memoir class v1.6180339
)))
(/usr/local/texlive/2015/texmf-dist/tex/latex/natbib/natbib.sty
Package: natbib 2010/09/13 8.31b (PWD, AO)
\bibhang=\skip185
\bibsep=\skip186
LaTeX Info: Redefining \cite on input line 694.
\c@NAT@ctr=\count137
)
(/usr/local/texlive/2015/texmf-dist/tex/latex/cite/chapterbib.sty
\c@inputfile=\count138
Package: chapterbib 2010/09/18  v 1.17
)
(/usr/local/texlive/2015/texmf-dist/tex/latex/amsmath/amsmath.sty
Package: amsmath 2013/01/14 v2.14 AMS math features
\@mathmargin=\skip187

For additional information on amsmath, use the `?' option.
(/usr/local/texlive/2015/texmf-dist/tex/latex/amsmath/amstext.sty
Package: amstext 2000/06/29 v2.01

(/usr/local/texlive/2015/texmf-dist/tex/latex/amsmath/amsgen.sty
File: amsgen.sty 1999/11/30 v2.0
\@emptytoks=\toks22
\ex@=\dimen147
))
(/usr/local/texlive/2015/texmf-dist/tex/latex/amsmath/amsbsy.sty
Package: amsbsy 1999/11/29 v1.2d
\pmbraise@=\dimen148
)
(/usr/local/texlive/2015/texmf-dist/tex/latex/amsmath/amsopn.sty
Package: amsopn 1999/12/14 v2.01 operator names
)
\inf@bad=\count139
LaTeX Info: Redefining \frac on input line 210.
\uproot@=\count140
\leftroot@=\count141
LaTeX Info: Redefining \overline on input line 306.
\classnum@=\count142
\DOTSCASE@=\count143
LaTeX Info: Redefining \ldots on input line 378.
LaTeX Info: Redefining \dots on input line 381.
LaTeX Info: Redefining \cdots on input line 466.
\Mathstrutbox@=\box29
\strutbox@=\box30
\big@size=\dimen149
LaTeX Font Info:    Redeclaring font encoding OML on input line 566.
LaTeX Font Info:    Redeclaring font encoding OMS on input line 567.
\macc@depth=\count144
\c@MaxMatrixCols=\count145
\dotsspace@=\muskip10
\c@parentequation=\count146
\dspbrk@lvl=\count147
\tag@help=\toks23
\row@=\count148
\column@=\count149
\maxfields@=\count150
\andhelp@=\toks24
\eqnshift@=\dimen150
\alignsep@=\dimen151
\tagshift@=\dimen152
\tagwidth@=\dimen153
\totwidth@=\dimen154
\lineht@=\dimen155
\@envbody=\toks25
\multlinegap=\skip188
\multlinetaggap=\skip189
\mathdisplay@stack=\toks26
LaTeX Info: Redefining \[ on input line 2665.
LaTeX Info: Redefining \] on input line 2666.
)
(/usr/local/texlive/2015/texmf-dist/tex/latex/amsfonts/amsfonts.sty
Package: amsfonts 2013/01/14 v3.01 Basic AMSFonts support
\symAMSa=\mathgroup4
\symAMSb=\mathgroup5
LaTeX Font Info:    Overwriting math alphabet `\mathfrak' in version `bold'
(Font)                  U/euf/m/n --> U/euf/b/n on input line 106.
)
(/usr/local/texlive/2015/texmf-dist/tex/latex/amsfonts/amssymb.sty
Package: amssymb 2013/01/14 v3.01 AMS font symbols
)
(/usr/local/texlive/2015/texmf-dist/tex/latex/hyperref/hyperref.sty
Package: hyperref 2012/11/06 v6.83m Hypertext links for LaTeX

(/usr/local/texlive/2015/texmf-dist/tex/generic/oberdiek/hobsub-hyperref.sty
Package: hobsub-hyperref 2012/05/28 v1.13 Bundle oberdiek, subset hyperref (HO)


(/usr/local/texlive/2015/texmf-dist/tex/generic/oberdiek/hobsub-generic.sty
Package: hobsub-generic 2012/05/28 v1.13 Bundle oberdiek, subset generic (HO)
Package: hobsub 2012/05/28 v1.13 Construct package bundles (HO)
Package: infwarerr 2010/04/08 v1.3 Providing info/warning/error messages (HO)
Package: ltxcmds 2011/11/09 v1.22 LaTeX kernel commands for general use (HO)
Package hobsub Info: Skipping package `ifluatex' (already loaded).
Package: ifvtex 2010/03/01 v1.5 Detect VTeX and its facilities (HO)
Package ifvtex Info: VTeX not detected.
Package: intcalc 2007/09/27 v1.1 Expandable calculations with integers (HO)
Package hobsub Info: Skipping package `ifpdf' (already loaded).
Package: etexcmds 2011/02/16 v1.5 Avoid name clashes with e-TeX commands (HO)
Package etexcmds Info: Could not find \expanded.
(etexcmds)             That can mean that you are not using pdfTeX 1.50 or
(etexcmds)             that some package has redefined \expanded.
(etexcmds)             In the latter case, load this package earlier.
Package: kvsetkeys 2012/04/25 v1.16 Key value parser (HO)
Package: kvdefinekeys 2011/04/07 v1.3 Define keys (HO)
Package: pdftexcmds 2011/11/29 v0.20 Utility functions of pdfTeX for LuaTeX (HO
)
Package pdftexcmds Info: LuaTeX not detected.
Package pdftexcmds Info: \pdf@primitive is available.
Package pdftexcmds Info: \pdf@ifprimitive is available.
Package pdftexcmds Info: \pdfdraftmode found.
Package: pdfescape 2011/11/25 v1.13 Implements pdfTeX's escape features (HO)
Package: bigintcalc 2012/04/08 v1.3 Expandable calculations on big integers (HO
)
Package: bitset 2011/01/30 v1.1 Handle bit-vector datatype (HO)
Package: uniquecounter 2011/01/30 v1.2 Provide unlimited unique counter (HO)
)
Package hobsub Info: Skipping package `hobsub' (already loaded).
Package: letltxmacro 2010/09/02 v1.4 Let assignment for LaTeX macros (HO)
Package: hopatch 2012/05/28 v1.2 Wrapper for package hooks (HO)
Package: xcolor-patch 2011/01/30 xcolor patch
Package: atveryend 2011/06/30 v1.8 Hooks at the very end of document (HO)
Package atveryend Info: \enddocument detected (standard20110627).
Package: atbegshi 2011/10/05 v1.16 At begin shipout hook (HO)
Package: refcount 2011/10/16 v3.4 Data extraction from label references (HO)
Package: hycolor 2011/01/30 v1.7 Color options for hyperref/bookmark (HO)
)
(/usr/local/texlive/2015/texmf-dist/tex/latex/graphics/keyval.sty
Package: keyval 2014/10/28 v1.15 key=value parser (DPC)
\KV@toks@=\toks27
)
(/usr/local/texlive/2015/texmf-dist/tex/latex/oberdiek/auxhook.sty
Package: auxhook 2011/03/04 v1.3 Hooks for auxiliary files (HO)
)
(/usr/local/texlive/2015/texmf-dist/tex/latex/oberdiek/kvoptions.sty
Package: kvoptions 2011/06/30 v3.11 Key value format for package options (HO)
)
\@linkdim=\dimen156
\Hy@linkcounter=\count151
\Hy@pagecounter=\count152

(/usr/local/texlive/2015/texmf-dist/tex/latex/hyperref/pd1enc.def
File: pd1enc.def 2012/11/06 v6.83m Hyperref: PDFDocEncoding definition (HO)
)
\Hy@SavedSpaceFactor=\count153

(/usr/local/texlive/2015/texmf-dist/tex/latex/latexconfig/hyperref.cfg
File: hyperref.cfg 2002/06/06 v1.2 hyperref configuration of TeXLive
)
Package hyperref Info: Hyper figures OFF on input line 4443.
Package hyperref Info: Link nesting OFF on input line 4448.
Package hyperref Info: Hyper index ON on input line 4451.
Package hyperref Info: Plain pages OFF on input line 4458.
Package hyperref Info: Backreferencing OFF on input line 4463.
Package hyperref Info: Implicit mode ON; LaTeX internals redefined.
Package hyperref Info: Bookmarks ON on input line 4688.
\c@Hy@tempcnt=\count154

(/usr/local/texlive/2015/texmf-dist/tex/latex/url/url.sty
\Urlmuskip=\muskip11
Package: url 2013/09/16  ver 3.4  Verb mode for urls, etc.
)
LaTeX Info: Redefining \url on input line 5041.
\XeTeXLinkMargin=\dimen157
\Fld@menulength=\count155
\Field@Width=\dimen158
\Fld@charsize=\dimen159
Package hyperref Info: Hyper figures OFF on input line 6295.
Package hyperref Info: Link nesting OFF on input line 6300.
Package hyperref Info: Hyper index ON on input line 6303.
Package hyperref Info: backreferencing OFF on input line 6310.
Package hyperref Info: Link coloring OFF on input line 6315.
Package hyperref Info: Link coloring with OCG OFF on input line 6320.
Package hyperref Info: PDF/A mode OFF on input line 6325.
LaTeX Info: Redefining \ref on input line 6365.
LaTeX Info: Redefining \pageref on input line 6369.
\Hy@abspage=\count156
\c@Item=\count157
\c@Hfootnote=\count158
)
(/usr/local/texlive/2015/texmf-dist/tex/latex/memoir/memhfixc.sty
Package: memhfixc 2013/05/30 v1.17 nameref/hyperref package fixes for memoir cl
ass
\c@memhycontfloat=\count159
\c@Hpagenote=\count160
)

Package hyperref Message: Driver (autodetected): hpdftex.

(/usr/local/texlive/2015/texmf-dist/tex/latex/hyperref/hpdftex.def
File: hpdftex.def 2012/11/06 v6.83m Hyperref driver for pdfTeX
\Fld@listcount=\count161
\c@bookmark@seq@number=\count162

(/usr/local/texlive/2015/texmf-dist/tex/latex/oberdiek/rerunfilecheck.sty
Package: rerunfilecheck 2011/04/15 v1.7 Rerun checks for auxiliary files (HO)
Package uniquecounter Info: New unique counter `rerunfilecheck' on input line 2
82.
)
\Hy@SectionHShift=\skip190
)
(/usr/local/texlive/2015/texmf-dist/tex/latex/base/inputenc.sty
Package: inputenc 2015/03/17 v1.2c Input encoding file
\inpenc@prehook=\toks28
\inpenc@posthook=\toks29

(/usr/local/texlive/2015/texmf-dist/tex/latex/base/utf8.def
File: utf8.def 2015/06/27 v1.1n UTF-8 support for inputenc
Now handling font encoding OML ...
... no UTF-8 mapping file for font encoding OML
Now handling font encoding T1 ...
... processing UTF-8 mapping file for font encoding T1

(/usr/local/texlive/2015/texmf-dist/tex/latex/base/t1enc.dfu
File: t1enc.dfu 2015/06/27 v1.1n UTF-8 support for inputenc
   defining Unicode char U+00A1 (decimal 161)
   defining Unicode char U+00A3 (decimal 163)
   defining Unicode char U+00AB (decimal 171)
   defining Unicode char U+00BB (decimal 187)
   defining Unicode char U+00BF (decimal 191)
   defining Unicode char U+00C0 (decimal 192)
   defining Unicode char U+00C1 (decimal 193)
   defining Unicode char U+00C2 (decimal 194)
   defining Unicode char U+00C3 (decimal 195)
   defining Unicode char U+00C4 (decimal 196)
   defining Unicode char U+00C5 (decimal 197)
   defining Unicode char U+00C6 (decimal 198)
   defining Unicode char U+00C7 (decimal 199)
   defining Unicode char U+00C8 (decimal 200)
   defining Unicode char U+00C9 (decimal 201)
   defining Unicode char U+00CA (decimal 202)
   defining Unicode char U+00CB (decimal 203)
   defining Unicode char U+00CC (decimal 204)
   defining Unicode char U+00CD (decimal 205)
   defining Unicode char U+00CE (decimal 206)
   defining Unicode char U+00CF (decimal 207)
   defining Unicode char U+00D0 (decimal 208)
   defining Unicode char U+00D1 (decimal 209)
   defining Unicode char U+00D2 (decimal 210)
   defining Unicode char U+00D3 (decimal 211)
   defining Unicode char U+00D4 (decimal 212)
   defining Unicode char U+00D5 (decimal 213)
   defining Unicode char U+00D6 (decimal 214)
   defining Unicode char U+00D8 (decimal 216)
   defining Unicode char U+00D9 (decimal 217)
   defining Unicode char U+00DA (decimal 218)
   defining Unicode char U+00DB (decimal 219)
   defining Unicode char U+00DC (decimal 220)
   defining Unicode char U+00DD (decimal 221)
   defining Unicode char U+00DE (decimal 222)
   defining Unicode char U+00DF (decimal 223)
   defining Unicode char U+00E0 (decimal 224)
   defining Unicode char U+00E1 (decimal 225)
   defining Unicode char U+00E2 (decimal 226)
   defining Unicode char U+00E3 (decimal 227)
   defining Unicode char U+00E4 (decimal 228)
   defining Unicode char U+00E5 (decimal 229)
   defining Unicode char U+00E6 (decimal 230)
   defining Unicode char U+00E7 (decimal 231)
   defining Unicode char U+00E8 (decimal 232)
   defining Unicode char U+00E9 (decimal 233)
   defining Unicode char U+00EA (decimal 234)
   defining Unicode char U+00EB (decimal 235)
   defining Unicode char U+00EC (decimal 236)
   defining Unicode char U+00ED (decimal 237)
   defining Unicode char U+00EE (decimal 238)
   defining Unicode char U+00EF (decimal 239)
   defining Unicode char U+00F0 (decimal 240)
   defining Unicode char U+00F1 (decimal 241)
   defining Unicode char U+00F2 (decimal 242)
   defining Unicode char U+00F3 (decimal 243)
   defining Unicode char U+00F4 (decimal 244)
   defining Unicode char U+00F5 (decimal 245)
   defining Unicode char U+00F6 (decimal 246)
   defining Unicode char U+00F8 (decimal 248)
   defining Unicode char U+00F9 (decimal 249)
   defining Unicode char U+00FA (decimal 250)
   defining Unicode char U+00FB (decimal 251)
   defining Unicode char U+00FC (decimal 252)
   defining Unicode char U+00FD (decimal 253)
   defining Unicode char U+00FE (decimal 254)
   defining Unicode char U+00FF (decimal 255)
   defining Unicode char U+0102 (decimal 258)
   defining Unicode char U+0103 (decimal 259)
   defining Unicode char U+0104 (decimal 260)
   defining Unicode char U+0105 (decimal 261)
   defining Unicode char U+0106 (decimal 262)
   defining Unicode char U+0107 (decimal 263)
   defining Unicode char U+010C (decimal 268)
   defining Unicode char U+010D (decimal 269)
   defining Unicode char U+010E (decimal 270)
   defining Unicode char U+010F (decimal 271)
   defining Unicode char U+0110 (decimal 272)
   defining Unicode char U+0111 (decimal 273)
   defining Unicode char U+0118 (decimal 280)
   defining Unicode char U+0119 (decimal 281)
   defining Unicode char U+011A (decimal 282)
   defining Unicode char U+011B (decimal 283)
   defining Unicode char U+011E (decimal 286)
   defining Unicode char U+011F (decimal 287)
   defining Unicode char U+0130 (decimal 304)
   defining Unicode char U+0131 (decimal 305)
   defining Unicode char U+0132 (decimal 306)
   defining Unicode char U+0133 (decimal 307)
   defining Unicode char U+0139 (decimal 313)
   defining Unicode char U+013A (decimal 314)
   defining Unicode char U+013D (decimal 317)
   defining Unicode char U+013E (decimal 318)
   defining Unicode char U+0141 (decimal 321)
   defining Unicode char U+0142 (decimal 322)
   defining Unicode char U+0143 (decimal 323)
   defining Unicode char U+0144 (decimal 324)
   defining Unicode char U+0147 (decimal 327)
   defining Unicode char U+0148 (decimal 328)
   defining Unicode char U+014A (decimal 330)
   defining Unicode char U+014B (decimal 331)
   defining Unicode char U+0150 (decimal 336)
   defining Unicode char U+0151 (decimal 337)
   defining Unicode char U+0152 (decimal 338)
   defining Unicode char U+0153 (decimal 339)
   defining Unicode char U+0154 (decimal 340)
   defining Unicode char U+0155 (decimal 341)
   defining Unicode char U+0158 (decimal 344)
   defining Unicode char U+0159 (decimal 345)
   defining Unicode char U+015A (decimal 346)
   defining Unicode char U+015B (decimal 347)
   defining Unicode char U+015E (decimal 350)
   defining Unicode char U+015F (decimal 351)
   defining Unicode char U+0160 (decimal 352)
   defining Unicode char U+0161 (decimal 353)
   defining Unicode char U+0162 (decimal 354)
   defining Unicode char U+0163 (decimal 355)
   defining Unicode char U+0164 (decimal 356)
   defining Unicode char U+0165 (decimal 357)
   defining Unicode char U+016E (decimal 366)
   defining Unicode char U+016F (decimal 367)
   defining Unicode char U+0170 (decimal 368)
   defining Unicode char U+0171 (decimal 369)
   defining Unicode char U+0178 (decimal 376)
   defining Unicode char U+0179 (decimal 377)
   defining Unicode char U+017A (decimal 378)
   defining Unicode char U+017B (decimal 379)
   defining Unicode char U+017C (decimal 380)
   defining Unicode char U+017D (decimal 381)
   defining Unicode char U+017E (decimal 382)
   defining Unicode char U+200C (decimal 8204)
   defining Unicode char U+2013 (decimal 8211)
   defining Unicode char U+2014 (decimal 8212)
   defining Unicode char U+2018 (decimal 8216)
   defining Unicode char U+2019 (decimal 8217)
   defining Unicode char U+201A (decimal 8218)
   defining Unicode char U+201C (decimal 8220)
   defining Unicode char U+201D (decimal 8221)
   defining Unicode char U+201E (decimal 8222)
   defining Unicode char U+2030 (decimal 8240)
   defining Unicode char U+2031 (decimal 8241)
   defining Unicode char U+2039 (decimal 8249)
   defining Unicode char U+203A (decimal 8250)
   defining Unicode char U+2423 (decimal 9251)
)
Now handling font encoding OT1 ...
... processing UTF-8 mapping file for font encoding OT1

(/usr/local/texlive/2015/texmf-dist/tex/latex/base/ot1enc.dfu
File: ot1enc.dfu 2015/06/27 v1.1n UTF-8 support for inputenc
   defining Unicode char U+00A1 (decimal 161)
   defining Unicode char U+00A3 (decimal 163)
   defining Unicode char U+00B8 (decimal 184)
   defining Unicode char U+00BF (decimal 191)
   defining Unicode char U+00C5 (decimal 197)
   defining Unicode char U+00C6 (decimal 198)
   defining Unicode char U+00D8 (decimal 216)
   defining Unicode char U+00DF (decimal 223)
   defining Unicode char U+00E6 (decimal 230)
   defining Unicode char U+00EC (decimal 236)
   defining Unicode char U+00ED (decimal 237)
   defining Unicode char U+00EE (decimal 238)
   defining Unicode char U+00EF (decimal 239)
   defining Unicode char U+00F8 (decimal 248)
   defining Unicode char U+0131 (decimal 305)
   defining Unicode char U+0141 (decimal 321)
   defining Unicode char U+0142 (decimal 322)
   defining Unicode char U+0152 (decimal 338)
   defining Unicode char U+0153 (decimal 339)
   defining Unicode char U+2013 (decimal 8211)
   defining Unicode char U+2014 (decimal 8212)
   defining Unicode char U+2018 (decimal 8216)
   defining Unicode char U+2019 (decimal 8217)
   defining Unicode char U+201C (decimal 8220)
   defining Unicode char U+201D (decimal 8221)
)
Now handling font encoding OMS ...
... processing UTF-8 mapping file for font encoding OMS

(/usr/local/texlive/2015/texmf-dist/tex/latex/base/omsenc.dfu
File: omsenc.dfu 2015/06/27 v1.1n UTF-8 support for inputenc
   defining Unicode char U+00A7 (decimal 167)
   defining Unicode char U+00B6 (decimal 182)
   defining Unicode char U+00B7 (decimal 183)
   defining Unicode char U+2020 (decimal 8224)
   defining Unicode char U+2021 (decimal 8225)
   defining Unicode char U+2022 (decimal 8226)
)
Now handling font encoding OMX ...
... no UTF-8 mapping file for font encoding OMX
Now handling font encoding U ...
... no UTF-8 mapping file for font encoding U
Now handling font encoding PD1 ...
... no UTF-8 mapping file for font encoding PD1
   defining Unicode char U+00A9 (decimal 169)
   defining Unicode char U+00AA (decimal 170)
   defining Unicode char U+00AE (decimal 174)
   defining Unicode char U+00BA (decimal 186)
   defining Unicode char U+02C6 (decimal 710)
   defining Unicode char U+02DC (decimal 732)
   defining Unicode char U+200C (decimal 8204)
   defining Unicode char U+2026 (decimal 8230)
   defining Unicode char U+2122 (decimal 8482)
   defining Unicode char U+2423 (decimal 9251)
))
(/usr/local/texlive/2015/texmf-dist/tex/latex/base/fontenc.sty
Package: fontenc 2005/09/27 v1.99g Standard LaTeX package

(/usr/local/texlive/2015/texmf-dist/tex/latex/base/t1enc.def
File: t1enc.def 2005/09/27 v1.99g Standard LaTeX file
LaTeX Font Info:    Redeclaring font encoding T1 on input line 48.
))
(/usr/local/texlive/2015/texmf-dist/tex/latex/graphics/color.sty
Package: color 2014/10/28 v1.1a Standard LaTeX Color (DPC)

(/usr/local/texlive/2015/texmf-dist/tex/latex/latexconfig/color.cfg
File: color.cfg 2007/01/18 v1.5 color configuration of teTeX/TeXLive
)
Package color Info: Driver file: pdftex.def on input line 142.

(/usr/local/texlive/2015/texmf-dist/tex/latex/pdftex-def/pdftex.def
File: pdftex.def 2011/05/27 v0.06d Graphics/color for pdfTeX
\Gread@gobject=\count163
))
(/usr/local/texlive/2015/texmf-dist/tex/latex/soul/soul.sty
Package: soul 2003/11/17 v2.4 letterspacing/underlining (mf)
\SOUL@word=\toks30
\SOUL@lasttoken=\toks31
\SOUL@cmds=\toks32
\SOUL@buffer=\toks33
\SOUL@token=\toks34
\SOUL@spaceskip=\skip191
\SOUL@ttwidth=\dimen160
\SOUL@uldp=\dimen161
\SOUL@ulht=\dimen162
)
(/usr/local/texlive/2015/texmf-dist/tex/latex/pgf/frontendlayer/tikz.sty
(/usr/local/texlive/2015/texmf-dist/tex/latex/pgf/basiclayer/pgf.sty
(/usr/local/texlive/2015/texmf-dist/tex/latex/pgf/utilities/pgfrcs.sty
(/usr/local/texlive/2015/texmf-dist/tex/generic/pgf/utilities/pgfutil-common.te
x
\pgfutil@everybye=\toks35
\pgfutil@tempdima=\dimen163
\pgfutil@tempdimb=\dimen164

(/usr/local/texlive/2015/texmf-dist/tex/generic/pgf/utilities/pgfutil-common-li
sts.tex))
(/usr/local/texlive/2015/texmf-dist/tex/generic/pgf/utilities/pgfutil-latex.def
\pgfutil@abb=\box31
(/usr/local/texlive/2015/texmf-dist/tex/latex/ms/everyshi.sty
Package: everyshi 2001/05/15 v3.00 EveryShipout Package (MS)
))
(/usr/local/texlive/2015/texmf-dist/tex/generic/pgf/utilities/pgfrcs.code.tex
Package: pgfrcs 2015/08/07 v3.0.1a (rcs-revision 1.31)
))
Package: pgf 2015/08/07 v3.0.1a (rcs-revision 1.15)
(/usr/local/texlive/2015/texmf-dist/tex/latex/pgf/basiclayer/pgfcore.sty
(/usr/local/texlive/2015/texmf-dist/tex/latex/graphics/graphicx.sty
Package: graphicx 2014/10/28 v1.0g Enhanced LaTeX Graphics (DPC,SPQR)

(/usr/local/texlive/2015/texmf-dist/tex/latex/graphics/graphics.sty
Package: graphics 2014/10/28 v1.0p Standard LaTeX Graphics (DPC,SPQR)

(/usr/local/texlive/2015/texmf-dist/tex/latex/graphics/trig.sty
Package: trig 1999/03/16 v1.09 sin cos tan (DPC)
)
(/usr/local/texlive/2015/texmf-dist/tex/latex/latexconfig/graphics.cfg
File: graphics.cfg 2010/04/23 v1.9 graphics configuration of TeX Live
)
Package graphics Info: Driver file: pdftex.def on input line 94.
)
\Gin@req@height=\dimen165
\Gin@req@width=\dimen166
)
(/usr/local/texlive/2015/texmf-dist/tex/latex/pgf/systemlayer/pgfsys.sty
(/usr/local/texlive/2015/texmf-dist/tex/generic/pgf/systemlayer/pgfsys.code.tex
Package: pgfsys 2014/07/09 v3.0.1a (rcs-revision 1.48)
(/usr/local/texlive/2015/texmf-dist/tex/generic/pgf/utilities/pgfkeys.code.tex
\pgfkeys@pathtoks=\toks36
\pgfkeys@temptoks=\toks37

(/usr/local/texlive/2015/texmf-dist/tex/generic/pgf/utilities/pgfkeysfiltered.c
ode.tex
\pgfkeys@tmptoks=\toks38
))
\pgf@x=\dimen167
\pgf@y=\dimen168
\pgf@xa=\dimen169
\pgf@ya=\dimen170
\pgf@xb=\dimen171
\pgf@yb=\dimen172
\pgf@xc=\dimen173
\pgf@yc=\dimen174
\w@pgf@writea=\write4
\r@pgf@reada=\read2
\c@pgf@counta=\count164
\c@pgf@countb=\count165
\c@pgf@countc=\count166
\c@pgf@countd=\count167
\t@pgf@toka=\toks39
\t@pgf@tokb=\toks40
\t@pgf@tokc=\toks41

(/usr/local/texlive/2015/texmf-dist/tex/generic/pgf/systemlayer/pgf.cfg
File: pgf.cfg 2008/05/14  (rcs-revision 1.7)
)
Driver file for pgf: pgfsys-pdftex.def

(/usr/local/texlive/2015/texmf-dist/tex/generic/pgf/systemlayer/pgfsys-pdftex.d
ef
File: pgfsys-pdftex.def 2014/10/11  (rcs-revision 1.35)

(/usr/local/texlive/2015/texmf-dist/tex/generic/pgf/systemlayer/pgfsys-common-p
df.def
File: pgfsys-common-pdf.def 2013/10/10  (rcs-revision 1.13)
)))
(/usr/local/texlive/2015/texmf-dist/tex/generic/pgf/systemlayer/pgfsyssoftpath.
code.tex
File: pgfsyssoftpath.code.tex 2013/09/09  (rcs-revision 1.9)
\pgfsyssoftpath@smallbuffer@items=\count168
\pgfsyssoftpath@bigbuffer@items=\count169
)
(/usr/local/texlive/2015/texmf-dist/tex/generic/pgf/systemlayer/pgfsysprotocol.
code.tex
File: pgfsysprotocol.code.tex 2006/10/16  (rcs-revision 1.4)
)) (/usr/local/texlive/2015/texmf-dist/tex/latex/xcolor/xcolor.sty
Package: xcolor 2007/01/21 v2.11 LaTeX color extensions (UK)

(/usr/local/texlive/2015/texmf-dist/tex/latex/latexconfig/color.cfg
File: color.cfg 2007/01/18 v1.5 color configuration of teTeX/TeXLive
)
Package xcolor Info: Driver file: pdftex.def on input line 225.
LaTeX Info: Redefining \color on input line 702.
Package xcolor Info: Model `cmy' substituted by `cmy0' on input line 1337.
Package xcolor Info: Model `hsb' substituted by `rgb' on input line 1341.
Package xcolor Info: Model `RGB' extended on input line 1353.
Package xcolor Info: Model `HTML' substituted by `rgb' on input line 1355.
Package xcolor Info: Model `Hsb' substituted by `hsb' on input line 1356.
Package xcolor Info: Model `tHsb' substituted by `hsb' on input line 1357.
Package xcolor Info: Model `HSB' substituted by `hsb' on input line 1358.
Package xcolor Info: Model `Gray' substituted by `gray' on input line 1359.
Package xcolor Info: Model `wave' substituted by `hsb' on input line 1360.
)
(/usr/local/texlive/2015/texmf-dist/tex/generic/pgf/basiclayer/pgfcore.code.tex
Package: pgfcore 2010/04/11 v3.0.1a (rcs-revision 1.7)
(/usr/local/texlive/2015/texmf-dist/tex/generic/pgf/math/pgfmath.code.tex
(/usr/local/texlive/2015/texmf-dist/tex/generic/pgf/math/pgfmathcalc.code.tex
(/usr/local/texlive/2015/texmf-dist/tex/generic/pgf/math/pgfmathutil.code.tex)
(/usr/local/texlive/2015/texmf-dist/tex/generic/pgf/math/pgfmathparser.code.tex
\pgfmath@dimen=\dimen175
\pgfmath@count=\count170
\pgfmath@box=\box32
\pgfmath@toks=\toks42
\pgfmath@stack@operand=\toks43
\pgfmath@stack@operation=\toks44
)
(/usr/local/texlive/2015/texmf-dist/tex/generic/pgf/math/pgfmathfunctions.code.
tex
(/usr/local/texlive/2015/texmf-dist/tex/generic/pgf/math/pgfmathfunctions.basic
.code.tex)
(/usr/local/texlive/2015/texmf-dist/tex/generic/pgf/math/pgfmathfunctions.trigo
nometric.code.tex)
(/usr/local/texlive/2015/texmf-dist/tex/generic/pgf/math/pgfmathfunctions.rando
m.code.tex)
(/usr/local/texlive/2015/texmf-dist/tex/generic/pgf/math/pgfmathfunctions.compa
rison.code.tex)
(/usr/local/texlive/2015/texmf-dist/tex/generic/pgf/math/pgfmathfunctions.base.
code.tex)
(/usr/local/texlive/2015/texmf-dist/tex/generic/pgf/math/pgfmathfunctions.round
.code.tex)
(/usr/local/texlive/2015/texmf-dist/tex/generic/pgf/math/pgfmathfunctions.misc.
code.tex)
(/usr/local/texlive/2015/texmf-dist/tex/generic/pgf/math/pgfmathfunctions.integ
erarithmetics.code.tex)))
(/usr/local/texlive/2015/texmf-dist/tex/generic/pgf/math/pgfmathfloat.code.tex
\c@pgfmathroundto@lastzeros=\count171
))
(/usr/local/texlive/2015/texmf-dist/tex/generic/pgf/basiclayer/pgfcorepoints.co
de.tex
File: pgfcorepoints.code.tex 2013/10/07  (rcs-revision 1.27)
\pgf@picminx=\dimen176
\pgf@picmaxx=\dimen177
\pgf@picminy=\dimen178
\pgf@picmaxy=\dimen179
\pgf@pathminx=\dimen180
\pgf@pathmaxx=\dimen181
\pgf@pathminy=\dimen182
\pgf@pathmaxy=\dimen183
\pgf@xx=\dimen184
\pgf@xy=\dimen185
\pgf@yx=\dimen186
\pgf@yy=\dimen187
\pgf@zx=\dimen188
\pgf@zy=\dimen189
)
(/usr/local/texlive/2015/texmf-dist/tex/generic/pgf/basiclayer/pgfcorepathconst
ruct.code.tex
File: pgfcorepathconstruct.code.tex 2013/10/07  (rcs-revision 1.29)
\pgf@path@lastx=\dimen190
\pgf@path@lasty=\dimen191
)
(/usr/local/texlive/2015/texmf-dist/tex/generic/pgf/basiclayer/pgfcorepathusage
.code.tex
File: pgfcorepathusage.code.tex 2014/11/02  (rcs-revision 1.24)
\pgf@shorten@end@additional=\dimen192
\pgf@shorten@start@additional=\dimen193
)
(/usr/local/texlive/2015/texmf-dist/tex/generic/pgf/basiclayer/pgfcorescopes.co
de.tex
File: pgfcorescopes.code.tex 2015/05/08  (rcs-revision 1.46)
\pgfpic=\box33
\pgf@hbox=\box34
\pgf@layerbox@main=\box35
\pgf@picture@serial@count=\count172
)
(/usr/local/texlive/2015/texmf-dist/tex/generic/pgf/basiclayer/pgfcoregraphicst
ate.code.tex
File: pgfcoregraphicstate.code.tex 2014/11/02  (rcs-revision 1.12)
\pgflinewidth=\dimen194
)
(/usr/local/texlive/2015/texmf-dist/tex/generic/pgf/basiclayer/pgfcoretransform
ations.code.tex
File: pgfcoretransformations.code.tex 2015/08/07  (rcs-revision 1.20)
\pgf@pt@x=\dimen195
\pgf@pt@y=\dimen196
\pgf@pt@temp=\dimen197
)
(/usr/local/texlive/2015/texmf-dist/tex/generic/pgf/basiclayer/pgfcorequick.cod
e.tex
File: pgfcorequick.code.tex 2008/10/09  (rcs-revision 1.3)
)
(/usr/local/texlive/2015/texmf-dist/tex/generic/pgf/basiclayer/pgfcoreobjects.c
ode.tex
File: pgfcoreobjects.code.tex 2006/10/11  (rcs-revision 1.2)
)
(/usr/local/texlive/2015/texmf-dist/tex/generic/pgf/basiclayer/pgfcorepathproce
ssing.code.tex
File: pgfcorepathprocessing.code.tex 2013/09/09  (rcs-revision 1.9)
)
(/usr/local/texlive/2015/texmf-dist/tex/generic/pgf/basiclayer/pgfcorearrows.co
de.tex
File: pgfcorearrows.code.tex 2015/05/14  (rcs-revision 1.43)
\pgfarrowsep=\dimen198
)
(/usr/local/texlive/2015/texmf-dist/tex/generic/pgf/basiclayer/pgfcoreshade.cod
e.tex
File: pgfcoreshade.code.tex 2013/07/15  (rcs-revision 1.15)
\pgf@max=\dimen199
\pgf@sys@shading@range@num=\count173
)
(/usr/local/texlive/2015/texmf-dist/tex/generic/pgf/basiclayer/pgfcoreimage.cod
e.tex
File: pgfcoreimage.code.tex 2013/07/15  (rcs-revision 1.18)

(/usr/local/texlive/2015/texmf-dist/tex/generic/pgf/basiclayer/pgfcoreexternal.
code.tex
File: pgfcoreexternal.code.tex 2014/07/09  (rcs-revision 1.21)
\pgfexternal@startupbox=\box36
))
(/usr/local/texlive/2015/texmf-dist/tex/generic/pgf/basiclayer/pgfcorelayers.co
de.tex
File: pgfcorelayers.code.tex 2013/07/18  (rcs-revision 1.7)
)
(/usr/local/texlive/2015/texmf-dist/tex/generic/pgf/basiclayer/pgfcoretranspare
ncy.code.tex
File: pgfcoretransparency.code.tex 2013/09/30  (rcs-revision 1.5)
)
(/usr/local/texlive/2015/texmf-dist/tex/generic/pgf/basiclayer/pgfcorepatterns.
code.tex
File: pgfcorepatterns.code.tex 2013/11/07  (rcs-revision 1.5)
)))
(/usr/local/texlive/2015/texmf-dist/tex/generic/pgf/modules/pgfmoduleshapes.cod
e.tex
File: pgfmoduleshapes.code.tex 2014/03/21  (rcs-revision 1.35)
\pgfnodeparttextbox=\box37
)
(/usr/local/texlive/2015/texmf-dist/tex/generic/pgf/modules/pgfmoduleplot.code.
tex
File: pgfmoduleplot.code.tex 2015/08/03  (rcs-revision 1.13)
)
(/usr/local/texlive/2015/texmf-dist/tex/latex/pgf/compatibility/pgfcomp-version
-0-65.sty
Package: pgfcomp-version-0-65 2007/07/03 v3.0.1a (rcs-revision 1.7)
\pgf@nodesepstart=\dimen200
\pgf@nodesepend=\dimen201
)
(/usr/local/texlive/2015/texmf-dist/tex/latex/pgf/compatibility/pgfcomp-version
-1-18.sty
Package: pgfcomp-version-1-18 2007/07/23 v3.0.1a (rcs-revision 1.1)
))
(/usr/local/texlive/2015/texmf-dist/tex/latex/pgf/utilities/pgffor.sty
(/usr/local/texlive/2015/texmf-dist/tex/latex/pgf/utilities/pgfkeys.sty
(/usr/local/texlive/2015/texmf-dist/tex/generic/pgf/utilities/pgfkeys.code.tex)
) (/usr/local/texlive/2015/texmf-dist/tex/latex/pgf/math/pgfmath.sty
(/usr/local/texlive/2015/texmf-dist/tex/generic/pgf/math/pgfmath.code.tex))
(/usr/local/texlive/2015/texmf-dist/tex/generic/pgf/utilities/pgffor.code.tex
Package: pgffor 2013/12/13 v3.0.1a (rcs-revision 1.25)

(/usr/local/texlive/2015/texmf-dist/tex/generic/pgf/math/pgfmath.code.tex)
\pgffor@iter=\dimen202
\pgffor@skip=\dimen203
\pgffor@stack=\toks45
\pgffor@toks=\toks46
))
(/usr/local/texlive/2015/texmf-dist/tex/generic/pgf/frontendlayer/tikz/tikz.cod
e.tex
Package: tikz 2015/08/07 v3.0.1a (rcs-revision 1.151)

(/usr/local/texlive/2015/texmf-dist/tex/generic/pgf/libraries/pgflibraryplothan
dlers.code.tex
File: pgflibraryplothandlers.code.tex 2013/08/31 v3.0.1a (rcs-revision 1.20)
\pgf@plot@mark@count=\count174
\pgfplotmarksize=\dimen204
)
\tikz@lastx=\dimen205
\tikz@lasty=\dimen206
\tikz@lastxsaved=\dimen207
\tikz@lastysaved=\dimen208
\tikzleveldistance=\dimen209
\tikzsiblingdistance=\dimen210
\tikz@figbox=\box38
\tikz@figbox@bg=\box39
\tikz@tempbox=\box40
\tikz@tempbox@bg=\box41
\tikztreelevel=\count175
\tikznumberofchildren=\count176
\tikznumberofcurrentchild=\count177
\tikz@fig@count=\count178

(/usr/local/texlive/2015/texmf-dist/tex/generic/pgf/modules/pgfmodulematrix.cod
e.tex
File: pgfmodulematrix.code.tex 2013/09/17  (rcs-revision 1.8)
\pgfmatrixcurrentrow=\count179
\pgfmatrixcurrentcolumn=\count180
\pgf@matrix@numberofcolumns=\count181
)
\tikz@expandcount=\count182

(/usr/local/texlive/2015/texmf-dist/tex/generic/pgf/frontendlayer/tikz/librarie
s/tikzlibrarytopaths.code.tex
File: tikzlibrarytopaths.code.tex 2008/06/17 v3.0.1a (rcs-revision 1.2)
)))
(/usr/local/texlive/2015/texmf-dist/tex/generic/pgf/frontendlayer/tikz/librarie
s/tikzlibraryarrows.code.tex
File: tikzlibraryarrows.code.tex 2008/01/09 v3.0.1a (rcs-revision 1.1)

(/usr/local/texlive/2015/texmf-dist/tex/generic/pgf/libraries/pgflibraryarrows.
code.tex
File: pgflibraryarrows.code.tex 2013/09/23 v3.0.1a (rcs-revision 1.16)
\arrowsize=\dimen211
))
(/usr/local/texlive/2015/texmf-dist/tex/generic/pgf/frontendlayer/tikz/librarie
s/tikzlibrarydecorations.pathmorphing.code.tex
(/usr/local/texlive/2015/texmf-dist/tex/generic/pgf/frontendlayer/tikz/librarie
s/tikzlibrarydecorations.code.tex
(/usr/local/texlive/2015/texmf-dist/tex/generic/pgf/modules/pgfmoduledecoration
s.code.tex
\pgfdecoratedcompleteddistance=\dimen212
\pgfdecoratedremainingdistance=\dimen213
\pgfdecoratedinputsegmentcompleteddistance=\dimen214
\pgfdecoratedinputsegmentremainingdistance=\dimen215
\pgf@decorate@distancetomove=\dimen216
\pgf@decorate@repeatstate=\count183
\pgfdecorationsegmentamplitude=\dimen217
\pgfdecorationsegmentlength=\dimen218
)
\tikz@lib@dec@box=\box42
)
(/usr/local/texlive/2015/texmf-dist/tex/generic/pgf/libraries/decorations/pgfli
brarydecorations.pathmorphing.code.tex))
(/usr/local/texlive/2015/texmf-dist/tex/generic/pgf/frontendlayer/tikz/librarie
s/tikzlibrarybackgrounds.code.tex
File: tikzlibrarybackgrounds.code.tex 2013/07/18 v3.0.1a (rcs-revision 1.3)
\pgf@layerbox@background=\box43
\pgf@layerboxsaved@background=\box44
)
(/usr/local/texlive/2015/texmf-dist/tex/generic/pgf/frontendlayer/tikz/librarie
s/tikzlibrarypositioning.code.tex
File: tikzlibrarypositioning.code.tex 2008/10/06 v3.0.1a (rcs-revision 1.7)
)
(/usr/local/texlive/2015/texmf-dist/tex/generic/pgf/frontendlayer/tikz/librarie
s/tikzlibraryfit.code.tex
File: tikzlibraryfit.code.tex 2013/07/12 v3.0.1a (rcs-revision 1.5)
)
(/usr/local/texlive/2015/texmf-dist/tex/generic/pgf/frontendlayer/tikz/librarie
s/tikzlibraryshapes.geometric.code.tex
File: tikzlibraryshapes.geometric.code.tex 2008/01/09 v3.0.1a (rcs-revision 1.1
)

(/usr/local/texlive/2015/texmf-dist/tex/generic/pgf/libraries/shapes/pgflibrary
shapes.geometric.code.tex
File: pgflibraryshapes.geometric.code.tex 2008/06/26 v3.0.1a (rcs-revision 1.1)

))
(/usr/local/texlive/2015/texmf-dist/tex/generic/pgf/libraries/pgflibraryarrows.
meta.code.tex
File: pgflibraryarrows.meta.code.tex 2015/05/13 v3.0.1a (rcs-revision 1.13)
\pgfarrowinset=\dimen219
\pgfarrowlength=\dimen220
\pgfarrowwidth=\dimen221
\pgfarrowlinewidth=\dimen222
)
(/usr/local/texlive/2015/texmf-dist/tex/latex/oberdiek/pdflscape.sty
Package: pdflscape 2008/08/11 v0.10 Display of landscape pages in PDF (HO)

(/usr/local/texlive/2015/texmf-dist/tex/latex/graphics/lscape.sty
Package: lscape 2000/10/22 v3.01 Landscape Pages (DPC)
)
Package pdflscape Info: Auto-detected driver: pdftex on input line 80.
)

Class memoir Warning: You are using the caption package with the memoir class. 
To prepare we will now reset all captioning macros and configurations to kernel
 defaults, and then let the caption package take over. Please remember to use t
he caption package interfaces in order to configure your captions. .

(/usr/local/texlive/2015/texmf-dist/tex/latex/caption/caption.sty
Package: caption 2015/09/17 v3.3-111 Customizing captions (AR)

(/usr/local/texlive/2015/texmf-dist/tex/latex/caption/caption3.sty
Package: caption3 2015/09/20 v1.7-115 caption3 kernel (AR)
Package caption3 Info: TeX engine: e-TeX on input line 57.
\captionmargin=\dimen223
\captionmargin@=\dimen224
\captionwidth=\dimen225
\caption@tempdima=\dimen226
\caption@indent=\dimen227
\caption@parindent=\dimen228
\caption@hangindent=\dimen256
)
\c@ContinuedFloat=\count184
Package caption Info: hyperref package is loaded.
)
(/usr/local/texlive/2015/texmf-dist/tex/latex/tabulary/tabulary.sty
Package: tabulary 2014/06/11 v0.10 tabulary package (DPC)
\TY@count=\count185
\TY@linewidth=\dimen257
\tymin=\dimen258
\tymax=\dimen259
\TY@tablewidth=\dimen260
)
\c@theorem=\count186

(./dissertation.aux (./abstract/v2/abstract.aux) (./chapter1/current/ch1.aux)
(./chapter2/current/ch2.aux) (./chapter3/current/ch3.aux

LaTeX Warning: Label `sec:lit_review' multiply defined.


LaTeX Warning: Label `sec:lit_review_summary' multiply defined.


LaTeX Warning: Label `sec:conclusion' multiply defined.

) (./chapter4/current/ch4.aux

LaTeX Warning: Label `sec:conclusion' multiply defined.

) (./chapter5/current/ch5.aux) (./conclusion/current/conclusion.aux))
\openout1 = `dissertation.aux'.

LaTeX Font Info:    Checking defaults for OML/cmm/m/it on input line 83.
LaTeX Font Info:    ... okay on input line 83.
LaTeX Font Info:    Checking defaults for T1/cmr/m/n on input line 83.
LaTeX Font Info:    ... okay on input line 83.
LaTeX Font Info:    Checking defaults for OT1/cmr/m/n on input line 83.
LaTeX Font Info:    ... okay on input line 83.
LaTeX Font Info:    Checking defaults for OMS/cmsy/m/n on input line 83.
LaTeX Font Info:    ... okay on input line 83.
LaTeX Font Info:    Checking defaults for OMX/cmex/m/n on input line 83.
LaTeX Font Info:    ... okay on input line 83.
LaTeX Font Info:    Checking defaults for U/cmr/m/n on input line 83.
LaTeX Font Info:    ... okay on input line 83.
LaTeX Font Info:    Checking defaults for PD1/pdf/m/n on input line 83.
LaTeX Font Info:    ... okay on input line 83.


******************************************************
Stock height and width: 794.96999pt by 614.295pt
Top and edge trims: 0pt and 0pt
Page height and width: 794.96999pt by 614.295pt
Text height and width: 606.5pt by 469pt
Spine and edge margins: 72.26999pt and 72.26999pt
Upper and lower margins: 111.76999pt and 76.7pt
Headheight and headsep: 14.5pt and 19.8738pt
Footskip: 30pt
Columnsep and columnseprule: 10pt and 0pt
Marginparsep and marginparwidth: 7pt and 58.26999pt
Sidecapsep and sidecapwidth: 7pt and 50pt
Sidebarhsep and sidebarwidth: 7pt and 50pt
Sidebarvsep and sidebartopsep: 14.5pt and 0pt
Sidebarheight: 546.64995pt
Sidefoothsep and sidefootwidth: 7pt and 50pt
Sidefootvsep and sidefootheight: 14.5pt and 546.64995pt
******************************************************

\AtBeginShipoutBox=\box45
Package hyperref Info: Link coloring OFF on input line 83.
(/usr/local/texlive/2015/texmf-dist/tex/latex/hyperref/nameref.sty
Package: nameref 2012/10/27 v2.43 Cross-referencing by name of section

(/usr/local/texlive/2015/texmf-dist/tex/generic/oberdiek/gettitlestring.sty
Package: gettitlestring 2010/12/03 v1.4 Cleanup title references (HO)
)
\c@section@level=\count187
)
Redoing nameref's sectioning
Redoing nameref's label
LaTeX Info: Redefining \nameref on input line 83.
LaTeX Info: Redefining \ref on input line 83.
LaTeX Info: Redefining \pageref on input line 83.
LaTeX Info: Redefining \nameref on input line 83.
(./dissertation.out) (./dissertation.out)
\@outlinefile=\write5
\openout5 = `dissertation.out'.


(/usr/local/texlive/2015/texmf-dist/tex/context/base/supp-pdf.mkii
[Loading MPS to PDF converter (version 2006.09.02).]
\scratchcounter=\count188
\scratchdimen=\dimen261
\scratchbox=\box46
\nofMPsegments=\count189
\nofMParguments=\count190
\everyMPshowfont=\toks47
\MPscratchCnt=\count191
\MPscratchDim=\dimen262
\MPnumerator=\count192
\makeMPintoPDFobject=\count193
\everyMPtoPDFconversion=\toks48
) ABD: EveryShipout initializing macros
(/usr/local/texlive/2015/texmf-dist/tex/latex/oberdiek/epstopdf-base.sty
Package: epstopdf-base 2010/02/09 v2.5 Base part for package epstopdf

(/usr/local/texlive/2015/texmf-dist/tex/latex/oberdiek/grfext.sty
Package: grfext 2010/08/19 v1.1 Manage graphics extensions (HO)
)
Package grfext Info: Graphics extension search list:
(grfext)             [.png,.pdf,.jpg,.mps,.jpeg,.jbig2,.jb2,.PNG,.PDF,.JPG,.JPE
G,.JBIG2,.JB2,.eps]
(grfext)             \AppendGraphicsExtensions on input line 452.

(/usr/local/texlive/2015/texmf-dist/tex/latex/latexconfig/epstopdf-sys.cfg
File: epstopdf-sys.cfg 2010/07/13 v1.3 Configuration of (r)epstopdf for TeX Liv
e
))
Package caption Info: Begin \AtBeginDocument code.
Package caption Info: End \AtBeginDocument code.

[1

{/usr/local/texlive/2015/texmf-var/fonts/map/pdftex/updmap/pdftex.map}]
[2]
\openout2 = `abstract/v2/abstract.aux'.

 (./abstract/v2/abstract.texpdfTeX warning (ext4): destination with the same id
entifier (name{page.1}) has been already used, duplicate ignored
<to be read again> 
                   \relax 
l.13 
      [1


]pdfTeX warning (ext4): destination with the same identifier (name{page.2}) has
 been already used, duplicate ignored
<to be read again> 
                   \relax 
l.41 \end{enumerate}
                     [2] [3]) [1

] (./dissertation.toc
LaTeX Font Info:    Try loading font information for U+msa on input line 3.

(/usr/local/texlive/2015/texmf-dist/tex/latex/amsfonts/umsa.fd
File: umsa.fd 2013/01/14 v3.01 AMS symbols A
)
LaTeX Font Info:    Try loading font information for U+msb on input line 3.

(/usr/local/texlive/2015/texmf-dist/tex/latex/amsfonts/umsb.fd
File: umsb.fd 2013/01/14 v3.01 AMS symbols B
)
Overfull \hbox (5.7814pt too wide) in paragraph at lines 36--36
 [][] [][]\T1/cmr/bx/n/12 Asymmetric, Closed-Form, Finite-Parameter Mod-els of 
Multi-no-mial Choice[] []  
 []

[2]
Overfull \hbox (2.03697pt too wide) detected at line 77
 []\T1/cmr/bx/n/12 109[]
 []


Overfull \hbox (2.03697pt too wide) detected at line 109
 []\T1/cmr/bx/n/12 164[]
 []


Overfull \hbox (2.03697pt too wide) detected at line 130
 []\T1/cmr/bx/n/12 201[]
 []

) [3] (./dissertation.lof) [4

] (./dissertation.lot) [5

]
LaTeX Font Info:    Try loading font information for OMS+cmr on input line 133.


(/usr/local/texlive/2015/texmf-dist/tex/latex/base/omscmr.fd
File: omscmr.fd 2014/09/29 v2.5h Standard LaTeX font definitions
)
LaTeX Font Info:    Font shape `OMS/cmr/m/n' in size <12> not available
(Font)              Font shape `OMS/cmsy/m/n' tried instead on input line 133.
 [6] [7]
\openout2 = `chapter1/current/ch1.aux'.


(./chapter1/current/ch1.texpdfTeX warning (ext4): destination with the same ide
ntifier (name{page.1}) has been already used, duplicate ignored
<to be read again> 
                   \relax 
l.10 
      [1



]pdfTeX warning (ext4): destination with the same identifier (name{page.2}) has
 been already used, duplicate ignored
<to be read again> 
                   \relax 
l.16 
      [2]pdfTeX warning (ext4): destination with the same identifier (name{page
.3}) has been already used, duplicate ignored
<to be read again> 
                   \relax 
l.36 
      [3] [4] [5] [6] [7] [8]
Overfull \hbox (6.78685pt too wide) in paragraph at lines 85--86
[]\T1/cmr/m/n/12 In con-texts other than travel mode choice, mul-ti-ple mod-els
 that com-bine non-compensatory
 []

[9] [10] [11] [12] [13] (./chapter1/current/ch1.bbl
LaTeX Font Info:    Try loading font information for T1+cmtt on input line 15.

(/usr/local/texlive/2015/texmf-dist/tex/latex/base/t1cmtt.fd
File: t1cmtt.fd 2014/09/29 v2.5h Standard LaTeX font definitions
) [14]
Underfull \hbox (badness 1178) in paragraph at lines 163--172
\T1/cmr/m/it/12 Hu-man De-ci-sion Pro-cesses\T1/cmr/m/n/12 , 95(1):1--19, Septe
m-ber 2004.  ISSN 0749-5978.  doi:
 []

[15] [16] [17] [18]
Underfull \hbox (badness 3029) in paragraph at lines 476--484
\T1/cmr/m/n/12 1783-1350.  doi: $10\OML/cmm/m/it/12 :\T1/cmr/m/n/12 1017 / asb\
OML/cmm/m/it/12 :\T1/cmr/m/n/12 2013\OML/cmm/m/it/12 :\T1/cmr/m/n/12 32$.  URL 
[]$\T1/cmtt/m/n/12 http : / / journals\OML/cmm/m/it/12 :\T1/cmtt/m/n/12 cambrid
ge\OML/cmm/m/it/12 :\T1/cmtt/m/n/12 org /
 []


Underfull \hbox (badness 2671) in paragraph at lines 542--547
[]\T1/cmr/m/n/12 Dan Stein-berg and N. Scott Cardell.  The hy-brid CART-Logit m
odel in clas-
 []


Underfull \hbox (badness 6445) in paragraph at lines 542--547
\T1/cmr/m/n/12 si-fi-ca-tion and data min-ing.  \T1/cmr/m/it/12 Sal-ford Sys-te
ms White Pa-per\T1/cmr/m/n/12 , 1998.  URL
 []


Underfull \hbox (badness 10000) in paragraph at lines 542--547
[]$\T1/cmtt/m/n/12 http : / / media\OML/cmm/m/it/12 :\T1/cmtt/m/n/12 salford -[
] systems\OML/cmm/m/it/12 :\T1/cmtt/m/n/12 com / pdf / the -[] hybrid -[] cart 
-[] logit -[] model -[] in -[]
 []

[19]
Underfull \hbox (badness 1642) in paragraph at lines 560--568
[]\T1/cmr/m/n/12 Peter Stttgen, Pe-ter Boatwright, and Robert T. Mon-roe.  A S
at-is-fic-ing Choice
 []


Underfull \hbox (badness 2197) in paragraph at lines 560--568
\T1/cmr/m/n/12 10\OML/cmm/m/it/12 :\T1/cmr/m/n/12 1287 / mksc\OML/cmm/m/it/12 :
\T1/cmr/m/n/12 1120\OML/cmm/m/it/12 :\T1/cmr/m/n/12 0732$.  URL []$\T1/cmtt/m/n
/12 http : / / pubsonline\OML/cmm/m/it/12 :\T1/cmtt/m/n/12 informs\OML/cmm/m/it
/12 :\T1/cmtt/m/n/12 org / doi / abs / 10\OML/cmm/m/it/12 :\T1/cmtt/m/n/12 1287
 /
 []


Underfull \hbox (badness 1314) in paragraph at lines 589--597
\T1/cmr/m/it/12 tion Re-search Part B: Method-olog-i-cal\T1/cmr/m/n/12 , 43(7):
766--783, Au-gust 2009.  ISSN 0191-
 []

[20])) [21]
\openout2 = `chapter2/current/ch2.aux'.

 (./chapter2/current/ch2.tex [22




]

Class memoir Warning: The material used in the headers is too large
(28.99998pt) for the given head height (14.5pt), it is recommended to
either increase the head height or redesign the header
(in both cases you will find help in the memoir manual). on input line 20.


Overfull \vbox (14.49998pt too high) has occurred while \output is active []


[23]
Overfull \vbox (14.49998pt too high) has occurred while \output is active []


[24]
Overfull \hbox (0.92017pt too wide) in paragraph at lines 41--42
\T1/cmr/m/n/12 population---cyclists, and then they are ap-plied to a com-plete
ly dif-fer-ent sub-population
 []


Overfull \vbox (14.49998pt too high) has occurred while \output is active []


[25]
Overfull \vbox (14.49998pt too high) has occurred while \output is active []


[26]
Overfull \vbox (14.49998pt too high) has occurred while \output is active []


[27]
<chapter2/images/deviation_distribution.png, id=1104, 1081.03876pt x 720.6925pt
>
File: chapter2/images/deviation_distribution.png Graphic file (type png)
 <use chapter2/images/deviation_distribution.png>
Package pdftex.def Info: chapter2/images/deviation_distribution.png used on inp
ut line 95.
(pdftex.def)             Requested size: 469.0pt x 312.66295pt.

<chapter2/images/zone_of_likely_travel_initiation.png, id=1109, 581.17125pt x 4
59.7175pt>
File: chapter2/images/zone_of_likely_travel_initiation.png Graphic file (type p
ng)
 <use chapter2/images/zone_of_likely_travel_initiation.png>
Package pdftex.def Info: chapter2/images/zone_of_likely_travel_initiation.png u
sed on input line 102.
(pdftex.def)             Requested size: 469.0pt x 370.99425pt.

<chapter2/images/zone_example.png, id=1111, 334.1283pt x 211.2693pt>
File: chapter2/images/zone_example.png Graphic file (type png)

<use chapter2/images/zone_example.png>
Package pdftex.def Info: chapter2/images/zone_example.png used on input line 10
7.
(pdftex.def)             Requested size: 469.0pt x 296.54869pt.


LaTeX Warning: Float too large for page by 111.04291pt on input line 110.


Overfull \vbox (14.49998pt too high) has occurred while \output is active []


[28]
Overfull \vbox (14.49998pt too high) has occurred while \output is active []


[29 <./chapter2/images/deviation_distribution.png>]
Overfull \vbox (14.49998pt too high) has occurred while \output is active []


[30 <./chapter2/images/zone_of_likely_travel_initiation.png> <./chapter2/images
/zone_example.png>]
Overfull \vbox (14.49998pt too high) has occurred while \output is active []


[31]
Overfull \vbox (14.49998pt too high) has occurred while \output is active []


[32] (./chapter2/tables/combined_results.tex)
Overfull \hbox (28.40901pt too wide) in paragraph at lines 1--149
 [][] 
 []

<chapter2/images/test_graph_2.png, id=1166, 1453.43pt x 923.45pt>
File: chapter2/images/test_graph_2.png Graphic file (type png)

<use chapter2/images/test_graph_2.png>
Package pdftex.def Info: chapter2/images/test_graph_2.png used on input line 16
0.
(pdftex.def)             Requested size: 469.0pt x 297.9759pt.

(./chapter2/tables/variable_description_table.tex)
Overfull \vbox (14.49998pt too high) has occurred while \output is active []


[33]
Overfull \vbox (14.49998pt too high) has occurred while \output is active []


[34]
Overfull \vbox (14.49998pt too high) has occurred while \output is active []


[35 <./chapter2/images/test_graph_2.png>]
Overfull \vbox (14.49998pt too high) has occurred while \output is active []


[36] (./chapter2/tables/out-of-sample-results.tex)
Overfull \vbox (14.49998pt too high) has occurred while \output is active []


[37]
Overfull \vbox (14.49998pt too high) has occurred while \output is active []


[38]
<chapter2/images/forecast_results.pdf, id=1239, 1436.16444pt x 424.56267pt>
File: chapter2/images/forecast_results.pdf Graphic file (type pdf)

<use chapter2/images/forecast_results.pdf>
Package pdftex.def Info: chapter2/images/forecast_results.pdf used on input lin
e 197.
(pdftex.def)             Requested size: 469.0pt x 138.64201pt.

Overfull \vbox (14.49998pt too high) has occurred while \output is active []


[39 <./chapter2/images/forecast_results.pdf>]
Overfull \vbox (14.49998pt too high) has occurred while \output is active []


[40] (./chapter2/current/ch2.bbl
Underfull \hbox (badness 10000) in paragraph at lines 18--24
[]\T1/cmr/m/n/12 San Fran-cisco Metropoli-tan Trans-porta-tion Com-mis-sion and
 Par-sons Brinck-
 []


Underfull \hbox (badness 7613) in paragraph at lines 18--24
\T1/cmr/m/n/12 er-hoff.  Travel Model De-vel-op-ment: Cal-i-bra-tion and Val-i-
da-tion.  Tech-
 []


Underfull \hbox (badness 10000) in paragraph at lines 18--24
\T1/cmr/m/n/12 ni-cal re-port, San Fran-cisco Metropoli-tan Trans-porta-ton Com
-mis-sion, May
 []


Underfull \hbox (badness 10000) in paragraph at lines 18--24
\T1/cmr/m/n/12 2012.  URL []$\T1/cmtt/m/n/12 http : / / mtcgis\OML/cmm/m/it/12 
:\T1/cmtt/m/n/12 mtc\OML/cmm/m/it/12 :\T1/cmtt/m/n/12 ca\OML/cmm/m/it/12 :\T1/c
mtt/m/n/12 gov / foswiki / pub / Main / Documents /
 []


Underfull \hbox (badness 1189) in paragraph at lines 56--61
[]\T1/cmr/m/n/12 Geller, Roger.  Four Types of Cy-clists.  Tech-ni-cal re-port,
 2006.  URL []$\T1/cmtt/m/n/12 http : / /
 []


Overfull \vbox (14.49998pt too high) has occurred while \output is active []


[41]
Underfull \hbox (badness 2671) in paragraph at lines 121--126
[]\T1/cmr/m/n/12 Dan Stein-berg and N. Scott Cardell.  The hy-brid CART-Logit m
odel in clas-
 []


Underfull \hbox (badness 6445) in paragraph at lines 121--126
\T1/cmr/m/n/12 si-fi-ca-tion and data min-ing.  \T1/cmr/m/it/12 Sal-ford Sys-te
ms White Pa-per\T1/cmr/m/n/12 , 1998.  URL
 []


Underfull \hbox (badness 10000) in paragraph at lines 121--126
[]$\T1/cmtt/m/n/12 http : / / media\OML/cmm/m/it/12 :\T1/cmtt/m/n/12 salford -[
] systems\OML/cmm/m/it/12 :\T1/cmtt/m/n/12 com / pdf / the -[] hybrid -[] cart 
-[] logit -[] model -[] in -[]
 []

))
Overfull \vbox (14.49998pt too high) has occurred while \output is active []


[42]
\openout2 = `chapter3/current/ch3.aux'.

 (./chapter3/current/ch3.tex [43




]
Overfull \hbox (9.2749pt too wide) detected at line 32
[][] []
 []


Overfull \vbox (14.49998pt too high) has occurred while \output is active []


[44] <chapter3/images/Fig1_600dpi.pdf, id=1347, 1073.1325pt x 422.28685pt>
File: chapter3/images/Fig1_600dpi.pdf Graphic file (type pdf)

<use chapter3/images/Fig1_600dpi.pdf>
Package pdftex.def Info: chapter3/images/Fig1_600dpi.pdf used on input line 38.

(pdftex.def)             Requested size: 469.0pt x 184.55028pt.

Overfull \vbox (14.49998pt too high) has occurred while \output is active []


[45]
Overfull \vbox (14.49998pt too high) has occurred while \output is active []


[46 <./chapter3/images/Fig1_600dpi.pdf>]
Underfull \hbox (badness 10000) in paragraph at lines 62--62
[][] [][][]\T1/cmr/m/n/10 Additionally, this para-graph does not im-ply that $\
OML/cmm/m/it/10 P []$
 []


Underfull \hbox (badness 10000) in paragraph at lines 62--62
\OML/cmm/m/it/10 > P []$ \T1/cmr/m/n/10 or that $\OML/cmm/m/it/10 P []$ $>
 []


Overfull \vbox (14.49998pt too high) has occurred while \output is active []


[47]
Overfull \vbox (14.49998pt too high) has occurred while \output is active []


[48]
Overfull \vbox (14.49998pt too high) has occurred while \output is active []


[49]
Overfull \vbox (14.49998pt too high) has occurred while \output is active []


[50]
Overfull \vbox (14.49998pt too high) has occurred while \output is active []


[51]
Overfull \hbox (36.244pt too wide) detected at line 119
[][] []
 []


Overfull \vbox (14.49998pt too high) has occurred while \output is active []


[52]
Overfull \vbox (14.49998pt too high) has occurred while \output is active []


[53]
Overfull \vbox (14.49998pt too high) has occurred while \output is active []


[54]
Overfull \vbox (14.49998pt too high) has occurred while \output is active []


[55]
Overfull \hbox (9.66714pt too wide) in paragraph at lines 152--176
 [][] 
 []


Overfull \vbox (14.49998pt too high) has occurred while \output is active []


[56]
Overfull \hbox (38.60756pt too wide) detected at line 207
[] []
 []


Overfull \vbox (14.49998pt too high) has occurred while \output is active []


[57]
Overfull \hbox (9.31857pt too wide) detected at line 248
[][] []
 []


Overfull \vbox (14.49998pt too high) has occurred while \output is active []


[58]
Overfull \vbox (14.49998pt too high) has occurred while \output is active []


[59]
Overfull \vbox (14.49998pt too high) has occurred while \output is active []


[60]
Overfull \vbox (14.49998pt too high) has occurred while \output is active []


[61]
Overfull \hbox (0.38725pt too wide) detected at line 313
[][] []
 []


Overfull \vbox (14.49998pt too high) has occurred while \output is active []


[62]
Overfull \vbox (14.49998pt too high) has occurred while \output is active []


[63]
Overfull \vbox (14.49998pt too high) has occurred while \output is active []


[64]
Overfull \hbox (82.32083pt too wide) detected at line 377
\OML/cmm/m/it/12 P[] [] \OT1/cmr/m/n/12 = []
 []


Overfull \vbox (14.49998pt too high) has occurred while \output is active []


[65]
Overfull \hbox (74.38123pt too wide) detected at line 403
[][] []
 []


Overfull \vbox (14.49998pt too high) has occurred while \output is active []


[66]
Overfull \vbox (14.49998pt too high) has occurred while \output is active []


[67]
Overfull \vbox (14.49998pt too high) has occurred while \output is active []


[68] <chapter3/images/Fig2_600dpi.pdf, id=1980, 1147.17487pt x 566.84012pt>
File: chapter3/images/Fig2_600dpi.pdf Graphic file (type pdf)

<use chapter3/images/Fig2_600dpi.pdf>
Package pdftex.def Info: chapter3/images/Fig2_600dpi.pdf used on input line 483
.
(pdftex.def)             Requested size: 469.0pt x 231.73996pt.

Overfull \vbox (14.49998pt too high) has occurred while \output is active []


[69 <./chapter3/images/Fig2_600dpi.pdf>]
Overfull \vbox (14.49998pt too high) has occurred while \output is active []


[70] (./chapter3/tables/sample_mode_shares.tex)
Overfull \vbox (14.49998pt too high) has occurred while \output is active []


[71]
Overfull \vbox (14.49998pt too high) has occurred while \output is active []


[72]
Overfull \vbox (14.49998pt too high) has occurred while \output is active []


[73] (./chapter3/tables/in_sample_MLE_bootstrap_res.tex)

LaTeX Warning: Float too large for page by 180.41814pt on input line 547.


Overfull \vbox (14.49998pt too high) has occurred while \output is active []


[74] (./chapter3/tables/in_sample_log_likelihoods_by_mode_Bootstrap.tex)
Overfull \hbox (32.43007pt too wide) in paragraph at lines 1--558
 [][] 
 []

(./chapter3/tables/mle_cross_validation_results.tex)
<chapter3/images/Fig4.pdf, id=2148, 433.62pt x 289.08pt>
File: chapter3/images/Fig4.pdf Graphic file (type pdf)

<use chapter3/images/Fig4.pdf>
Package pdftex.def Info: chapter3/images/Fig4.pdf used on input line 575.
(pdftex.def)             Requested size: 469.0pt x 312.68254pt.

<chapter3/images/Fig5.pdf, id=2149, 722.7pt x 433.62pt>
File: chapter3/images/Fig5.pdf Graphic file (type pdf)

<use chapter3/images/Fig5.pdf>
Package pdftex.def Info: chapter3/images/Fig5.pdf used on input line 582.
(pdftex.def)             Requested size: 469.0pt x 281.39973pt.

<chapter3/images/new_Fig_6.pdf, id=2150, 794.97pt x 614.295pt>
File: chapter3/images/new_Fig_6.pdf Graphic file (type pdf)

<use chapter3/images/new_Fig_6.pdf>
Package pdftex.def Info: chapter3/images/new_Fig_6.pdf used on input line 589.
(pdftex.def)             Requested size: 469.0pt x 362.42152pt.

<chapter3/images/Fig8.pdf, id=2151, 592.92886pt x 282.79608pt>
File: chapter3/images/Fig8.pdf Graphic file (type pdf)

<use chapter3/images/Fig8.pdf>
Package pdftex.def Info: chapter3/images/Fig8.pdf used on input line 596.
(pdftex.def)             Requested size: 469.0pt x 223.69556pt.

Overfull \vbox (14.49998pt too high) has occurred while \output is active []


[75


]
Overfull \vbox (14.49998pt too high) has occurred while \output is active []


[76 <./chapter3/images/Fig4.pdf>]
Overfull \vbox (14.49998pt too high) has occurred while \output is active []


[77 <./chapter3/images/Fig5.pdf>]
Overfull \vbox (14.49998pt too high) has occurred while \output is active []


[78 <./chapter3/images/new_Fig_6.pdf>]
Overfull \vbox (14.49998pt too high) has occurred while \output is active []


[79 <./chapter3/images/Fig8.pdf>]
Overfull \vbox (14.49998pt too high) has occurred while \output is active []


[80]
Overfull \vbox (14.49998pt too high) has occurred while \output is active []


[81]
Overfull \vbox (14.49998pt too high) has occurred while \output is active []


[82]
Overfull \vbox (14.49998pt too high) has occurred while \output is active []


[83]
Overfull \vbox (14.49998pt too high) has occurred while \output is active []


[84]
Overfull \vbox (14.49998pt too high) has occurred while \output is active []


[85]
Overfull \vbox (14.49998pt too high) has occurred while \output is active []


[86]
Overfull \vbox (14.49998pt too high) has occurred while \output is active []


[87pdfTeX warning (ext4): destination with the same identifier (name{equation.3
.8.19}) has been already used, duplicate ignored

\AtBegShi@Output ...ipout \box \AtBeginShipoutBox 
                                                  \fi \fi 
l.692 \newpage
              pdfTeX warning (ext4): destination with the same identifier (name
{equation.3.8.19}) has been already used, duplicate ignored

\AtBegShi@Output ...ipout \box \AtBeginShipoutBox 
                                                  \fi \fi 
l.692 \newpage
              pdfTeX warning (ext4): destination with the same identifier (name
{equation.3.8.19}) has been already used, duplicate ignored

\AtBegShi@Output ...ipout \box \AtBeginShipoutBox 
                                                  \fi \fi 
l.692 \newpage
              ] (./chapter3/tables/logit_type_special_cases.tex
Overfull \hbox (9.93549pt too wide) in paragraph at lines 9--9
[] []$|  
 []


Overfull \hbox (6.67203pt too wide) detected at line 10
[]
 []

)
Overfull \hbox (43.9345pt too wide) in paragraph at lines 1--710
 [][] 
 []


LaTeX Warning: `!h' float specifier changed to `!ht'.


Overfull \vbox (14.49998pt too high) has occurred while \output is active []


[88]
Overfull \vbox (14.49998pt too high) has occurred while \output is active []


[89]
Overfull \hbox (43.74785pt too wide) detected at line 758
[] []
 []


Overfull \vbox (14.49998pt too high) has occurred while \output is active []


[90]pdfTeX warning (ext4): destination with the same identifier (name{equation.
3.10.19}) has been already used, duplicate ignored
<to be read again> 
                   \relax 
l.787 \begin{equation}
                      \tag{C2}pdfTeX warning (ext4): destination with the same 
identifier (name{equation.3.10.19}) has been already used, duplicate ignored
<to be read again> 
                   \relax 
l.787 \begin{equation}
                      \tag{C2}pdfTeX warning (ext4): destination with the same 
identifier (name{equation.3.10.19}) has been already used, duplicate ignored
<to be read again> 
                   \relax 
l.787 \begin{equation}
                      \tag{C2}pdfTeX warning (ext4): destination with the same 
identifier (name{equation.3.10.19}) has been already used, duplicate ignored
<to be read again> 
                   \relax 
l.787 \begin{equation}
                      \tag{C2}
Overfull \vbox (14.49998pt too high) has occurred while \output is active []


[91]pdfTeX warning (ext4): destination with the same identifier (name{equation.
3.10.19}) has been already used, duplicate ignored
<to be read again> 
                   \relax 
l.799 \begin{equation}
                      \tag{C3}pdfTeX warning (ext4): destination with the same 
identifier (name{equation.3.10.19}) has been already used, duplicate ignored
<to be read again> 
                   \relax 
l.799 \begin{equation}
                      \tag{C3}pdfTeX warning (ext4): destination with the same 
identifier (name{equation.3.10.19}) has been already used, duplicate ignored
<to be read again> 
                   \relax 
l.799 \begin{equation}
                      \tag{C3}pdfTeX warning (ext4): destination with the same 
identifier (name{equation.3.10.19}) has been already used, duplicate ignored
<to be read again> 
                   \relax 
l.799 \begin{equation}
                      \tag{C3}
Overfull \vbox (14.49998pt too high) has occurred while \output is active []


[92]
Overfull \vbox (14.49998pt too high) has occurred while \output is active []


[93]
Overfull \vbox (14.49998pt too high) has occurred while \output is active []


[94] (./chapter3/tables/in_sample_MLE_interval_95.tex)
Overfull \hbox (124.28647pt too wide) in paragraph at lines 1--844
 [][] 
 []


LaTeX Warning: Float too large for page by 137.81813pt on input line 844.


Overfull \vbox (14.49998pt too high) has occurred while \output is active []


[95] (./chapter3/tables/in_sample_MLE_interval_99.tex)
Overfull \hbox (114.4972pt too wide) in paragraph at lines 1--855
 [][] 
 []


LaTeX Warning: Float too large for page by 137.81813pt on input line 855.


Overfull \vbox (14.49998pt too high) has occurred while \output is active []


[96]
Overfull \vbox (14.49998pt too high) has occurred while \output is active []


[97




] <chapter3/images/Fig3.jpeg, id=3041, 418.56375pt x 446.66875pt>
File: chapter3/images/Fig3.jpeg Graphic file (type jpg)

<use chapter3/images/Fig3.jpeg>
Package pdftex.def Info: chapter3/images/Fig3.jpeg used on input line 874.
(pdftex.def)             Requested size: 187.59714pt x 200.18802pt.

Overfull \vbox (14.49998pt too high) has occurred while \output is active []


[98 <./chapter3/images/Fig3.jpeg>]
Overfull \vbox (14.49998pt too high) has occurred while \output is active []


[99]
Overfull \vbox (14.49998pt too high) has occurred while \output is active []


[100] (./chapter3/current/ch3.bbl
Overfull \vbox (14.49998pt too high) has occurred while \output is active []


[101]
Overfull \vbox (14.49998pt too high) has occurred while \output is active []


[102]
Overfull \vbox (14.49998pt too high) has occurred while \output is active []


[103]
Overfull \vbox (14.49998pt too high) has occurred while \output is active []


[104]
Overfull \vbox (14.49998pt too high) has occurred while \output is active []


[105]
Overfull \vbox (14.49998pt too high) has occurred while \output is active []


[106]
Overfull \vbox (14.49998pt too high) has occurred while \output is active []


[107]))
Overfull \vbox (14.49998pt too high) has occurred while \output is active []


[108]
\openout2 = `chapter4/current/ch4.aux'.

 (./chapter4/current/ch4.tex [109




]
Overfull \vbox (14.49998pt too high) has occurred while \output is active []


[110]
Overfull \vbox (14.49998pt too high) has occurred while \output is active []


[111]
Overfull \vbox (14.49998pt too high) has occurred while \output is active []


[112]
<chapter4/images/example_tree_bicycle.pdf, id=3300, 455.2441pt x 369.88583pt>
File: chapter4/images/example_tree_bicycle.pdf Graphic file (type pdf)

<use chapter4/images/example_tree_bicycle.pdf>
Package pdftex.def Info: chapter4/images/example_tree_bicycle.pdf used on input
 line 45.
(pdftex.def)             Requested size: 234.5pt x 190.53001pt.

Overfull \vbox (14.49998pt too high) has occurred while \output is active []


[113 <./chapter4/images/example_tree_bicycle.pdf>]
Overfull \hbox (76.75269pt too wide) detected at line 65
[][] []
 []


Overfull \vbox (14.49998pt too high) has occurred while \output is active []


[114] <chapter4/images/region_plot.pdf, id=3358, 715.45105pt x 281.87057pt>
File: chapter4/images/region_plot.pdf Graphic file (type pdf)

<use chapter4/images/region_plot.pdf>
Package pdftex.def Info: chapter4/images/region_plot.pdf used on input line 71.

(pdftex.def)             Requested size: 351.75pt x 138.58229pt.

Overfull \vbox (14.49998pt too high) has occurred while \output is active []


[115 <./chapter4/images/region_plot.pdf>]
Overfull \vbox (14.49998pt too high) has occurred while \output is active []


[116]
Overfull \vbox (14.49998pt too high) has occurred while \output is active []


[117]
Overfull \vbox (14.49998pt too high) has occurred while \output is active []


[118]
Overfull \vbox (14.49998pt too high) has occurred while \output is active []


[119]
Overfull \hbox (21.11647pt too wide) in paragraph at lines 123--125
\T1/cmr/m/n/12 Disjunctions-of-conjunctions gen-er-al-ize the con-junc-tive, di
s-junc-tive, and subset-conjunctive
 []


Overfull \vbox (14.49998pt too high) has occurred while \output is active []


[120]
Overfull \vbox (14.49998pt too high) has occurred while \output is active []


[121]
Overfull \hbox (12.71042pt too wide) in paragraph at lines 165--166
[]\T1/cmr/m/n/12 With these build-ing blocks, we turn im-me-di-ately to the cas
e of disjunctions-of-conjunctions[][][].
 []


Overfull \vbox (14.49998pt too high) has occurred while \output is active []


[122]
Overfull \hbox (2.54463pt too wide) in paragraph at lines 177--178
[]\T1/cmr/m/n/12 With the pos-si-bil-ity of re-expression in mind, re-call that
 us-ing disjunctions-of-conjunctions
 []


Overfull \vbox (14.49998pt too high) has occurred while \output is active []


[123]
Overfull \vbox (14.49998pt too high) has occurred while \output is active []


[124]
Overfull \vbox (14.49998pt too high) has occurred while \output is active []


[125]
Overfull \hbox (4.24174pt too wide) in paragraph at lines 197--198
\T1/cmr/m/n/12 fer from the-o-ret-i-cal is-sues due to their use of con-straint
s to im-ple-ment strict non-compensatory
 []


Overfull \vbox (14.49998pt too high) has occurred while \output is active []


[126]
Overfull \vbox (14.49998pt too high) has occurred while \output is active []


[127]
Overfull \vbox (14.49998pt too high) has occurred while \output is active []


[128]
Overfull \vbox (14.49998pt too high) has occurred while \output is active []


[129]
Overfull \vbox (14.49998pt too high) has occurred while \output is active []


[130]
Overfull \vbox (14.49998pt too high) has occurred while \output is active []


[131]
Overfull \vbox (14.49998pt too high) has occurred while \output is active []


[132]
Overfull \vbox (14.49998pt too high) has occurred while \output is active []


[133]
Overfull \vbox (14.49998pt too high) has occurred while \output is active []


[134]
Overfull \vbox (14.49998pt too high) has occurred while \output is active []


[135]
Overfull \vbox (14.49998pt too high) has occurred while \output is active []


[136] <chapter4/images/sampling_schema.pdf, id=3991, 722.7pt x 451.6875pt>
File: chapter4/images/sampling_schema.pdf Graphic file (type pdf)

<use chapter4/images/sampling_schema.pdf>
Package pdftex.def Info: chapter4/images/sampling_schema.pdf used on input line
 298.
(pdftex.def)             Requested size: 351.75pt x 219.84698pt.

Overfull \vbox (14.49998pt too high) has occurred while \output is active []


[137]
Overfull \vbox (14.49998pt too high) has occurred while \output is active []


[138 <./chapter4/images/sampling_schema.pdf>]
Overfull \hbox (28.53783pt too wide) in paragraph at lines 320--321
\OML/cmm/m/it/12 P []$\T1/cmr/m/n/12 , we will weight each tree by the ra-tio $
[]$.
 []


Overfull \vbox (14.49998pt too high) has occurred while \output is active []


[139]
Overfull \vbox (14.49998pt too high) has occurred while \output is active []


[140]
Overfull \vbox (14.49998pt too high) has occurred while \output is active []


[141]
Overfull \hbox (7.94397pt too wide) detected at line 353
[][] []
 []


Overfull \vbox (14.49998pt too high) has occurred while \output is active []


[142]
Overfull \vbox (14.49998pt too high) has occurred while \output is active []


[143]
Overfull \vbox (14.49998pt too high) has occurred while \output is active []


[144]
Overfull \vbox (14.49998pt too high) has occurred while \output is active []


[145]
Overfull \vbox (14.49998pt too high) has occurred while \output is active []


[146]
<chapter4/images/bike_mode_share_plot_v3.pdf, id=4300, 715.4184pt x 497.84695pt
>
File: chapter4/images/bike_mode_share_plot_v3.pdf Graphic file (type pdf)
 <use chapter4/images/bike_mode_share_plot_v3.pdf>
Package pdftex.def Info: chapter4/images/bike_mode_share_plot_v3.pdf used on in
put line 407.
(pdftex.def)             Requested size: 328.29857pt x 228.45782pt.

Overfull \vbox (14.49998pt too high) has occurred while \output is active []


[147 <./chapter4/images/bike_mode_share_plot_v3.pdf>]
Overfull \vbox (14.49998pt too high) has occurred while \output is active []


[148]
Overfull \vbox (14.49998pt too high) has occurred while \output is active []


[149]
Overfull \vbox (14.49998pt too high) has occurred while \output is active []


[150] (./chapter4/tables/in_sample_posterior_summaries.tex)

LaTeX Warning: Float too large for page by 78.41797pt on input line 431.


Overfull \vbox (14.49998pt too high) has occurred while \output is active []


[151]
Overfull \vbox (14.49998pt too high) has occurred while \output is active []


[152


]
Overfull \vbox (14.49998pt too high) has occurred while \output is active []


[153]
Overfull \vbox (14.49998pt too high) has occurred while \output is active []


[154] (./chapter4/current/ch4.bbl
Overfull \vbox (14.49998pt too high) has occurred while \output is active []


[155]
Overfull \vbox (14.49998pt too high) has occurred while \output is active []


[156]
Underfull \hbox (badness 10000) in paragraph at lines 199--205
[]\T1/cmr/m/n/12 San Fran-cisco Metropoli-tan Trans-porta-tion Com-mis-sion and
 Par-sons Brinck-
 []


Underfull \hbox (badness 5563) in paragraph at lines 199--205
\T1/cmr/m/n/12 er-hoff.  Travel Model De-vel-op-ment: Cal-i-bra-tion and Val-i-
da-tion.  Tech-ni-
 []


Underfull \hbox (badness 10000) in paragraph at lines 199--205
\T1/cmr/m/n/12 cal re-port, San Fran-cisco Metropoli-tan Trans-porta-tion Com-m
is-sion, May
 []


Underfull \hbox (badness 10000) in paragraph at lines 199--205
\T1/cmr/m/n/12 2012.  URL []$\T1/cmtt/m/n/12 http : / / mtcgis\OML/cmm/m/it/12 
:\T1/cmtt/m/n/12 mtc\OML/cmm/m/it/12 :\T1/cmtt/m/n/12 ca\OML/cmm/m/it/12 :\T1/c
mtt/m/n/12 gov / foswiki / pub / Main / Documents /
 []


Overfull \vbox (14.49998pt too high) has occurred while \output is active []


[157]
Overfull \vbox (14.49998pt too high) has occurred while \output is active []


[158]
Overfull \vbox (14.49998pt too high) has occurred while \output is active []


[159]
Overfull \vbox (14.49998pt too high) has occurred while \output is active []


[160]
Overfull \vbox (14.49998pt too high) has occurred while \output is active []


[161]
Overfull \vbox (14.49998pt too high) has occurred while \output is active []


[162]
Underfull \hbox (badness 2671) in paragraph at lines 737--742
[]\T1/cmr/m/n/12 Dan Stein-berg and N. Scott Cardell.  The hy-brid CART-Logit m
odel in clas-
 []


Underfull \hbox (badness 6445) in paragraph at lines 737--742
\T1/cmr/m/n/12 si-fi-ca-tion and data min-ing.  \T1/cmr/m/it/12 Sal-ford Sys-te
ms White Pa-per\T1/cmr/m/n/12 , 1998.  URL
 []


Underfull \hbox (badness 10000) in paragraph at lines 737--742
[]$\T1/cmtt/m/n/12 http : / / media\OML/cmm/m/it/12 :\T1/cmtt/m/n/12 salford -[
] systems\OML/cmm/m/it/12 :\T1/cmtt/m/n/12 com / pdf / the -[] hybrid -[] cart 
-[] logit -[] model -[] in -[]
 []


Overfull \vbox (14.49998pt too high) has occurred while \output is active []


[163]
Underfull \hbox (badness 2951) in paragraph at lines 818--824
[]\T1/cmr/m/n/12 TNS Opin-ion & So-cial.  Qual-ity of trans-port.  Tech-ni-cal 
re-port, Directorate-
 []


Underfull \hbox (badness 1668) in paragraph at lines 818--824
\T1/cmr/m/n/12 General for Mo-bil-ity and Trans-port (Eu-ro-pean Com-mis-sion),
 May 2015.  URL
 []


Underfull \hbox (badness 10000) in paragraph at lines 818--824
[]$\T1/cmtt/m/n/12 https : / / publications\OML/cmm/m/it/12 :\T1/cmtt/m/n/12 eu
ropa\OML/cmm/m/it/12 :\T1/cmtt/m/n/12 eu / en / publication -[] detail / -[] / 
publication /
 []


Overfull \vbox (14.49998pt too high) has occurred while \output is active []


[164]))
Overfull \vbox (14.49998pt too high) has occurred while \output is active []


[165]
\openout2 = `chapter5/current/ch5.aux'.

 (./chapter5/current/ch5.tex [166




]
Overfull \vbox (14.49998pt too high) has occurred while \output is active []


[167]
Overfull \vbox (14.49998pt too high) has occurred while \output is active []


[168]
Overfull \vbox (14.49998pt too high) has occurred while \output is active []


[169]
Overfull \vbox (14.49998pt too high) has occurred while \output is active []


[170]
Overfull \vbox (14.49998pt too high) has occurred while \output is active []


[171]
Overfull \vbox (14.49998pt too high) has occurred while \output is active []


[172]
Overfull \vbox (14.49998pt too high) has occurred while \output is active []


[173]
Overfull \vbox (14.49998pt too high) has occurred while \output is active []


[174]
Overfull \vbox (14.49998pt too high) has occurred while \output is active []


[175]
Overfull \vbox (14.49998pt too high) has occurred while \output is active []


[176]
Overfull \vbox (14.49998pt too high) has occurred while \output is active []


[177]
Overfull \vbox (14.49998pt too high) has occurred while \output is active []


[178]
Overfull \vbox (14.49998pt too high) has occurred while \output is active []


[179]
Overfull \vbox (14.49998pt too high) has occurred while \output is active []


[180]
Overfull \vbox (14.49998pt too high) has occurred while \output is active []


[181]
Overfull \vbox (14.49998pt too high) has occurred while \output is active []


[182]
Overfull \vbox (14.49998pt too high) has occurred while \output is active []


[183]
Overfull \vbox (14.49998pt too high) has occurred while \output is active []


[184]
Overfull \vbox (14.49998pt too high) has occurred while \output is active []


[185]
Overfull \vbox (14.49998pt too high) has occurred while \output is active []


[186]
Overfull \vbox (14.49998pt too high) has occurred while \output is active []


[187]
Overfull \hbox (35.76248pt too wide) in paragraph at lines 290--291
 [][] 
 []


LaTeX Warning: `!h' float specifier changed to `!ht'.


Overfull \vbox (14.49998pt too high) has occurred while \output is active []


[188]
Overfull \vbox (14.49998pt too high) has occurred while \output is active []


[189]
Overfull \hbox (72.65852pt too wide) detected at line 326
[]\OML/cmm/m/it/12 P [] \OT1/cmr/m/n/12 = [] \OML/cmm/m/it/12 P [] P [] d []
 []


Overfull \vbox (14.49998pt too high) has occurred while \output is active []


[190]
Overfull \vbox (14.49998pt too high) has occurred while \output is active []


[191]
Overfull \vbox (14.49998pt too high) has occurred while \output is active []


[192]
Overfull \vbox (14.49998pt too high) has occurred while \output is active []


[193]
Overfull \vbox (14.49998pt too high) has occurred while \output is active []


[194]
Overfull \vbox (14.49998pt too high) has occurred while \output is active []


[195]
Overfull \vbox (14.49998pt too high) has occurred while \output is active []


[196] (./chapter5/current/ch5.bbl
Overfull \vbox (14.49998pt too high) has occurred while \output is active []


[197]
Overfull \vbox (14.49998pt too high) has occurred while \output is active []


[198]
Overfull \vbox (14.49998pt too high) has occurred while \output is active []


[199]
Overfull \vbox (14.49998pt too high) has occurred while \output is active []


[200]
Overfull \vbox (14.49998pt too high) has occurred while \output is active []


[201]
Overfull \vbox (14.49998pt too high) has occurred while \output is active []


[202]))
Overfull \vbox (14.49998pt too high) has occurred while \output is active []


[203]
\openout2 = `conclusion/current/conclusion.aux'.

 (./conclusion/current/conclusion.tex [204




] [205] [206] [207] [208])
[209]

Class memoir Warning: The material used in the headers is too large
(28.99998pt) for the given head height (14.5pt), it is recommended to
either increase the head height or redesign the header
(in both cases you will find help in the memoir manual). on input line 186.

\tf@toc=\write6
\openout6 = `dissertation.toc'.

\tf@lof=\write7
\openout7 = `dissertation.lof'.

\tf@lot=\write8
\openout8 = `dissertation.lot'.

Package atveryend Info: Empty hook `BeforeClearDocument' on input line 186.
Package atveryend Info: Empty hook `AfterLastShipout' on input line 186.
(./dissertation.aux (./abstract/v2/abstract.aux) (./chapter1/current/ch1.aux)
(./chapter2/current/ch2.aux) (./chapter3/current/ch3.aux)
(./chapter4/current/ch4.aux) (./chapter5/current/ch5.aux)
(./conclusion/current/conclusion.aux))
Package atveryend Info: Executing hook `AtVeryEndDocument' on input line 186.
Package atveryend Info: Executing hook `AtEndAfterFileList' on input line 186.
Package rerunfilecheck Info: File `dissertation.out' has not changed.
(rerunfilecheck)             Checksum: D7ACB65AD2EAEF981F9DA5D1592EC7AE;3958.


LaTeX Warning: There were multiply-defined labels.

Package atveryend Info: Empty hook `AtVeryVeryEnd' on input line 186.
 ) 
Here is how much of TeX's memory you used:
 26385 strings out of 493091
 509565 string characters out of 6134964
 581071 words of memory out of 5000000
 28403 multiletter control sequences out of 15000+600000
 28879 words of font info for 68 fonts, out of 8000000 for 9000
 1141 hyphenation exceptions out of 8191
 60i,19n,69p,3147b,931s stack positions out of 5000i,500n,10000p,200000b,80000s
{/usr/local/texlive/2015/texmf-dist/fonts/enc/dvips/cm-super/cm-super-t1.enc}
</usr/local/texlive/2015/texmf-dist/fonts/type1/public/amsfonts/cm/cmex10.pfb><
/usr/local/texlive/2015/texmf-dist/fonts/type1/public/amsfonts/cmextra/cmex8.pf
b></usr/local/texlive/2015/texmf-dist/fonts/type1/public/amsfonts/cm/cmmi10.pfb
></usr/local/texlive/2015/texmf-dist/fonts/type1/public/amsfonts/cm/cmmi12.pfb>
</usr/local/texlive/2015/texmf-dist/fonts/type1/public/amsfonts/cm/cmmi5.pfb></
usr/local/texlive/2015/texmf-dist/fonts/type1/public/amsfonts/cm/cmmi6.pfb></us
r/local/texlive/2015/texmf-dist/fonts/type1/public/amsfonts/cm/cmmi7.pfb></usr/
local/texlive/2015/texmf-dist/fonts/type1/public/amsfonts/cm/cmmi8.pfb></usr/lo
cal/texlive/2015/texmf-dist/fonts/type1/public/amsfonts/cm/cmr10.pfb></usr/loca
l/texlive/2015/texmf-dist/fonts/type1/public/amsfonts/cm/cmr12.pfb></usr/local/
texlive/2015/texmf-dist/fonts/type1/public/amsfonts/cm/cmr5.pfb></usr/local/tex
live/2015/texmf-dist/fonts/type1/public/amsfonts/cm/cmr6.pfb></usr/local/texliv
e/2015/texmf-dist/fonts/type1/public/amsfonts/cm/cmr7.pfb></usr/local/texlive/2
015/texmf-dist/fonts/type1/public/amsfonts/cm/cmr8.pfb></usr/local/texlive/2015
/texmf-dist/fonts/type1/public/amsfonts/cm/cmsy10.pfb></usr/local/texlive/2015/
texmf-dist/fonts/type1/public/amsfonts/cm/cmsy6.pfb></usr/local/texlive/2015/te
xmf-dist/fonts/type1/public/amsfonts/cm/cmsy7.pfb></usr/local/texlive/2015/texm
f-dist/fonts/type1/public/amsfonts/cm/cmsy8.pfb></usr/local/texlive/2015/texmf-
dist/fonts/type1/public/cm-super/sfbi1000.pfb></usr/local/texlive/2015/texmf-di
st/fonts/type1/public/cm-super/sfbi1200.pfb></usr/local/texlive/2015/texmf-dist
/fonts/type1/public/cm-super/sfbx1095.pfb></usr/local/texlive/2015/texmf-dist/f
onts/type1/public/cm-super/sfbx1200.pfb></usr/local/texlive/2015/texmf-dist/fon
ts/type1/public/cm-super/sfbx1440.pfb></usr/local/texlive/2015/texmf-dist/fonts
/type1/public/cm-super/sfbx1728.pfb></usr/local/texlive/2015/texmf-dist/fonts/t
ype1/public/cm-super/sfbx2488.pfb></usr/local/texlive/2015/texmf-dist/fonts/typ
e1/public/cm-super/sfrm0700.pfb></usr/local/texlive/2015/texmf-dist/fonts/type1
/public/cm-super/sfrm0800.pfb></usr/local/texlive/2015/texmf-dist/fonts/type1/p
ublic/cm-super/sfrm1000.pfb></usr/local/texlive/2015/texmf-dist/fonts/type1/pub
lic/cm-super/sfrm1095.pfb></usr/local/texlive/2015/texmf-dist/fonts/type1/publi
c/cm-super/sfrm1200.pfb></usr/local/texlive/2015/texmf-dist/fonts/type1/public/
cm-super/sfsl1095.pfb></usr/local/texlive/2015/texmf-dist/fonts/type1/public/cm
-super/sfsl1200.pfb></usr/local/texlive/2015/texmf-dist/fonts/type1/public/cm-s
uper/sfti1000.pfb></usr/local/texlive/2015/texmf-dist/fonts/type1/public/cm-sup
er/sfti1200.pfb></usr/local/texlive/2015/texmf-dist/fonts/type1/public/cm-super
/sftt1200.pfb></usr/local/texlive/2015/texmf-dist/fonts/type1/urw/ncntrsbk/uncr
8a.pfb>
Output written on dissertation.pdf (221 pages, 3495330 bytes).
PDF statistics:
 5450 PDF objects out of 6186 (max. 8388607)
 4358 compressed objects within 44 object streams
 941 named destinations out of 1000 (max. 500000)
 541 words of extra memory for PDF output out of 10000 (max. 10000000)

