\BOOKMARK [1][-]{section.1}{Introduction}{}% 1
\BOOKMARK [1][-]{section.2}{Literature Review}{}% 2
\BOOKMARK [2][-]{subsection.2.1}{Summary}{section.2}% 3
\BOOKMARK [1][-]{section.3}{A General Class of Asymmetric Models}{}% 4
\BOOKMARK [2][-]{subsection.3.1}{General Formulation}{section.3}% 5
\BOOKMARK [2][-]{subsection.3.2}{Relation to existing literature}{section.3}% 6
\BOOKMARK [2][-]{subsection.3.3}{Extending Binary Models to the Multinomial Setting}{section.3}% 7
\BOOKMARK [3][-]{subsubsection.3.3.1}{Example 1: Deriving the Multinomial Clog-log Model}{subsection.3.3}% 8
\BOOKMARK [3][-]{subsubsection.3.3.2}{Example 2: Deriving the Multinomial Scobit Model}{subsection.3.3}% 9
\BOOKMARK [2][-]{subsection.3.4}{Creating New Asymmetric Choice Models}{section.3}% 10
\BOOKMARK [3][-]{subsubsection.3.4.1}{Example 3: Creating the Uneven Logit Model}{subsection.3.4}% 11
\BOOKMARK [3][-]{subsubsection.3.4.2}{Example 4: Creating the Asymmetric Logit Model}{subsection.3.4}% 12
\BOOKMARK [2][-]{subsection.3.5}{Summary}{section.3}% 13
\BOOKMARK [1][-]{section.4}{Estimation Techniques}{}% 14
\BOOKMARK [1][-]{section.5}{Empirical Applications}{}% 15
\BOOKMARK [2][-]{subsection.5.1}{Results}{section.5}% 16
\BOOKMARK [2][-]{subsection.5.2}{Discussion}{section.5}% 17
\BOOKMARK [3][-]{subsubsection.5.2.1}{Model Estimation and Testing}{subsection.5.2}% 18
\BOOKMARK [3][-]{subsubsection.5.2.2}{Cordon Toll Analysis}{subsection.5.2}% 19
\BOOKMARK [3][-]{subsubsection.5.2.3}{TDM Analysis\204Individualized Marketing}{subsection.5.2}% 20
\BOOKMARK [2][-]{subsection.5.3}{Summary}{section.5}% 21
\BOOKMARK [1][-]{section.6}{Extensions}{}% 22
\BOOKMARK [1][-]{section.7}{Conclusion}{}% 23
\BOOKMARK [1][-]{section.8}{Appendix A: Proofs}{}% 24
\BOOKMARK [1][-]{section.9}{Appendix B: Further relations to existing literature}{}% 25
\BOOKMARK [1][-]{section.10}{Appendix C: Deriving the MNL Model}{}% 26
\BOOKMARK [1][-]{section.11}{Appendix D: Application Data and Methodology}{}% 27
\BOOKMARK [2][-]{subsection.11.1}{Data}{section.11}% 28
\BOOKMARK [2][-]{subsection.11.2}{Estimation and Testing Procedures}{section.11}% 29
\BOOKMARK [3][-]{subsubsection.11.2.1}{Estimation}{subsection.11.2}% 30
\BOOKMARK [3][-]{subsubsection.11.2.2}{Inference}{subsection.11.2}% 31
\BOOKMARK [3][-]{subsubsection.11.2.3}{Testing}{subsection.11.2}% 32
\BOOKMARK [3][-]{subsubsection.11.2.4}{Cordon Toll Analysis}{subsection.11.2}% 33
\BOOKMARK [3][-]{subsubsection.11.2.5}{TDM Analysis\204Individualized Marketing}{subsection.11.2}% 34
